INFO - 2023-11-27 03:40:49 --> Current time: 1701056449
INFO - 2023-11-27 03:40:49 --> Message time: 1700512695
INFO - 2023-11-27 03:40:49 --> Difference (minutes): 9062
INFO - 2023-11-27 03:40:49 --> Formatted date: Nov 20, 2023 8:38 PM
INFO - 2023-11-27 03:40:49 --> Current time: 1701056449
INFO - 2023-11-27 03:40:49 --> Message time: 1700484940
INFO - 2023-11-27 03:40:49 --> Difference (minutes): 9525
INFO - 2023-11-27 03:40:49 --> Formatted date: Nov 20, 2023 12:55 PM
INFO - 2023-11-27 03:40:50 --> Current time: 1701056450
INFO - 2023-11-27 03:40:50 --> Message time: 1700512695
INFO - 2023-11-27 03:40:50 --> Difference (minutes): 9062
INFO - 2023-11-27 03:40:50 --> Formatted date: Nov 20, 2023 8:38 PM
INFO - 2023-11-27 03:40:50 --> Current time: 1701056450
INFO - 2023-11-27 03:40:50 --> Message time: 1700484940
INFO - 2023-11-27 03:40:50 --> Difference (minutes): 9525
INFO - 2023-11-27 03:40:50 --> Formatted date: Nov 20, 2023 12:55 PM
INFO - 2023-11-27 03:40:53 --> Current time: 1701056453
INFO - 2023-11-27 03:40:53 --> Message time: 1700512695
INFO - 2023-11-27 03:40:53 --> Difference (minutes): 9062
INFO - 2023-11-27 03:40:53 --> Formatted date: Nov 20, 2023 8:38 PM
INFO - 2023-11-27 03:40:53 --> Current time: 1701056453
INFO - 2023-11-27 03:40:53 --> Message time: 1700484940
INFO - 2023-11-27 03:40:53 --> Difference (minutes): 9525
INFO - 2023-11-27 03:40:53 --> Formatted date: Nov 20, 2023 12:55 PM
INFO - 2023-11-27 03:40:55 --> Current time: 1701056455
INFO - 2023-11-27 03:40:55 --> Message time: 1700512695
INFO - 2023-11-27 03:40:55 --> Difference (minutes): 9062
INFO - 2023-11-27 03:40:55 --> Formatted date: Nov 20, 2023 8:38 PM
INFO - 2023-11-27 03:40:55 --> Current time: 1701056455
INFO - 2023-11-27 03:40:55 --> Message time: 1700484940
INFO - 2023-11-27 03:40:55 --> Difference (minutes): 9525
INFO - 2023-11-27 03:40:55 --> Formatted date: Nov 20, 2023 12:55 PM
INFO - 2023-11-27 03:40:58 --> Current time: 1701056458
INFO - 2023-11-27 03:40:58 --> Message time: 1701085257
INFO - 2023-11-27 03:40:58 --> Difference (minutes): 479
INFO - 2023-11-27 03:40:58 --> Formatted date: Nov 27, 2023 11:40 AM
INFO - 2023-11-27 03:40:58 --> Current time: 1701056458
INFO - 2023-11-27 03:40:58 --> Message time: 1700484940
INFO - 2023-11-27 03:40:58 --> Difference (minutes): 9525
INFO - 2023-11-27 03:40:58 --> Formatted date: Nov 20, 2023 12:55 PM
INFO - 2023-11-27 03:41:00 --> Current time: 1701056460
INFO - 2023-11-27 03:41:00 --> Message time: 1701085257
INFO - 2023-11-27 03:41:00 --> Difference (minutes): 479
INFO - 2023-11-27 03:41:00 --> Formatted date: Nov 27, 2023 11:40 AM
INFO - 2023-11-27 03:41:00 --> Current time: 1701056460
INFO - 2023-11-27 03:41:00 --> Message time: 1700484940
INFO - 2023-11-27 03:41:00 --> Difference (minutes): 9525
INFO - 2023-11-27 03:41:00 --> Formatted date: Nov 20, 2023 12:55 PM
INFO - 2023-11-27 03:41:03 --> Current time: 1701056463
INFO - 2023-11-27 03:41:03 --> Message time: 1701085257
INFO - 2023-11-27 03:41:03 --> Difference (minutes): 479
INFO - 2023-11-27 03:41:03 --> Formatted date: Nov 27, 2023 11:40 AM
INFO - 2023-11-27 03:41:03 --> Current time: 1701056463
INFO - 2023-11-27 03:41:03 --> Message time: 1700484940
INFO - 2023-11-27 03:41:03 --> Difference (minutes): 9525
INFO - 2023-11-27 03:41:03 --> Formatted date: Nov 20, 2023 12:55 PM
INFO - 2023-11-27 03:41:06 --> Current time: 1701056466
INFO - 2023-11-27 03:41:06 --> Message time: 1701085257
INFO - 2023-11-27 03:41:06 --> Difference (minutes): 479
INFO - 2023-11-27 03:41:06 --> Formatted date: Nov 27, 2023 11:40 AM
INFO - 2023-11-27 03:41:06 --> Current time: 1701056466
INFO - 2023-11-27 03:41:06 --> Message time: 1700484940
INFO - 2023-11-27 03:41:06 --> Difference (minutes): 9525
INFO - 2023-11-27 03:41:06 --> Formatted date: Nov 20, 2023 12:55 PM
INFO - 2023-11-27 03:41:08 --> Current time: 1701056468
INFO - 2023-11-27 03:41:08 --> Message time: 1701085257
INFO - 2023-11-27 03:41:08 --> Difference (minutes): 479
INFO - 2023-11-27 03:41:08 --> Formatted date: Nov 27, 2023 11:40 AM
INFO - 2023-11-27 03:41:08 --> Current time: 1701056468
INFO - 2023-11-27 03:41:08 --> Message time: 1700484940
INFO - 2023-11-27 03:41:08 --> Difference (minutes): 9525
INFO - 2023-11-27 03:41:08 --> Formatted date: Nov 20, 2023 12:55 PM
INFO - 2023-11-27 03:41:10 --> Current time: 1701056470
INFO - 2023-11-27 03:41:10 --> Message time: 1701085257
INFO - 2023-11-27 03:41:10 --> Difference (minutes): 479
INFO - 2023-11-27 03:41:10 --> Formatted date: Nov 27, 2023 11:40 AM
INFO - 2023-11-27 03:41:10 --> Current time: 1701056470
INFO - 2023-11-27 03:41:10 --> Message time: 1700484940
INFO - 2023-11-27 03:41:10 --> Difference (minutes): 9525
INFO - 2023-11-27 03:41:10 --> Formatted date: Nov 20, 2023 12:55 PM
INFO - 2023-11-27 03:41:13 --> Current time: 1701056473
INFO - 2023-11-27 03:41:13 --> Message time: 1701085257
INFO - 2023-11-27 03:41:13 --> Difference (minutes): 479
INFO - 2023-11-27 03:41:13 --> Formatted date: Nov 27, 2023 11:40 AM
INFO - 2023-11-27 03:41:13 --> Current time: 1701056473
INFO - 2023-11-27 03:41:13 --> Message time: 1700484940
INFO - 2023-11-27 03:41:13 --> Difference (minutes): 9525
INFO - 2023-11-27 03:41:13 --> Formatted date: Nov 20, 2023 12:55 PM
INFO - 2023-11-27 03:41:16 --> Current time: 1701056476
INFO - 2023-11-27 03:41:16 --> Message time: 1701085257
INFO - 2023-11-27 03:41:16 --> Difference (minutes): 479
INFO - 2023-11-27 03:41:16 --> Formatted date: Nov 27, 2023 11:40 AM
INFO - 2023-11-27 03:41:16 --> Current time: 1701056476
INFO - 2023-11-27 03:41:16 --> Message time: 1700484940
INFO - 2023-11-27 03:41:16 --> Difference (minutes): 9525
INFO - 2023-11-27 03:41:16 --> Formatted date: Nov 20, 2023 12:55 PM
INFO - 2023-11-27 03:41:19 --> Current time: 1701056479
INFO - 2023-11-27 03:41:19 --> Message time: 1701085257
INFO - 2023-11-27 03:41:19 --> Difference (minutes): 479
INFO - 2023-11-27 03:41:19 --> Formatted date: Nov 27, 2023 11:40 AM
INFO - 2023-11-27 03:41:19 --> Current time: 1701056479
INFO - 2023-11-27 03:41:19 --> Message time: 1700484940
INFO - 2023-11-27 03:41:19 --> Difference (minutes): 9525
INFO - 2023-11-27 03:41:19 --> Formatted date: Nov 20, 2023 12:55 PM
INFO - 2023-11-27 03:41:24 --> Current time: 1701056484
INFO - 2023-11-27 03:41:24 --> Message time: 1701085257
INFO - 2023-11-27 03:41:24 --> Difference (minutes): 479
INFO - 2023-11-27 03:41:24 --> Formatted date: Nov 27, 2023 11:40 AM
INFO - 2023-11-27 03:41:24 --> Current time: 1701056484
INFO - 2023-11-27 03:41:24 --> Message time: 1700484940
INFO - 2023-11-27 03:41:24 --> Difference (minutes): 9525
INFO - 2023-11-27 03:41:24 --> Formatted date: Nov 20, 2023 12:55 PM
INFO - 2023-11-27 03:41:25 --> Current time: 1701056485
INFO - 2023-11-27 03:41:25 --> Message time: 1701085257
INFO - 2023-11-27 03:41:25 --> Difference (minutes): 479
INFO - 2023-11-27 03:41:25 --> Formatted date: Nov 27, 2023 11:40 AM
INFO - 2023-11-27 03:41:25 --> Current time: 1701056485
INFO - 2023-11-27 03:41:25 --> Message time: 1700484940
INFO - 2023-11-27 03:41:25 --> Difference (minutes): 9525
INFO - 2023-11-27 03:41:25 --> Formatted date: Nov 20, 2023 12:55 PM
INFO - 2023-11-27 03:41:29 --> Current time: 1701056489
INFO - 2023-11-27 03:41:29 --> Message time: 1701085257
INFO - 2023-11-27 03:41:29 --> Difference (minutes): 479
INFO - 2023-11-27 03:41:29 --> Formatted date: Nov 27, 2023 11:40 AM
INFO - 2023-11-27 03:41:29 --> Current time: 1701056489
INFO - 2023-11-27 03:41:29 --> Message time: 1700484940
INFO - 2023-11-27 03:41:29 --> Difference (minutes): 9525
INFO - 2023-11-27 03:41:29 --> Formatted date: Nov 20, 2023 12:55 PM
INFO - 2023-11-27 03:41:31 --> Current time: 1701056491
INFO - 2023-11-27 03:41:31 --> Message time: 1701085257
INFO - 2023-11-27 03:41:31 --> Difference (minutes): 479
INFO - 2023-11-27 03:41:31 --> Formatted date: Nov 27, 2023 11:40 AM
INFO - 2023-11-27 03:41:31 --> Current time: 1701056491
INFO - 2023-11-27 03:41:31 --> Message time: 1700484940
INFO - 2023-11-27 03:41:31 --> Difference (minutes): 9525
INFO - 2023-11-27 03:41:31 --> Formatted date: Nov 20, 2023 12:55 PM
INFO - 2023-11-27 03:41:34 --> Current time: 1701056494
INFO - 2023-11-27 03:41:34 --> Message time: 1701085257
INFO - 2023-11-27 03:41:34 --> Difference (minutes): 479
INFO - 2023-11-27 03:41:34 --> Formatted date: Nov 27, 2023 11:40 AM
INFO - 2023-11-27 03:41:34 --> Current time: 1701056494
INFO - 2023-11-27 03:41:34 --> Message time: 1700484940
INFO - 2023-11-27 03:41:34 --> Difference (minutes): 9525
INFO - 2023-11-27 03:41:34 --> Formatted date: Nov 20, 2023 12:55 PM
INFO - 2023-11-27 03:41:36 --> Current time: 1701056496
INFO - 2023-11-27 03:41:36 --> Message time: 1701085257
INFO - 2023-11-27 03:41:36 --> Difference (minutes): 479
INFO - 2023-11-27 03:41:36 --> Formatted date: Nov 27, 2023 11:40 AM
INFO - 2023-11-27 03:41:36 --> Current time: 1701056496
INFO - 2023-11-27 03:41:36 --> Message time: 1700484940
INFO - 2023-11-27 03:41:36 --> Difference (minutes): 9525
INFO - 2023-11-27 03:41:36 --> Formatted date: Nov 20, 2023 12:55 PM
INFO - 2023-11-27 03:41:39 --> Current time: 1701056499
INFO - 2023-11-27 03:41:39 --> Message time: 1701085257
INFO - 2023-11-27 03:41:39 --> Difference (minutes): 479
INFO - 2023-11-27 03:41:39 --> Formatted date: Nov 27, 2023 11:40 AM
INFO - 2023-11-27 03:41:39 --> Current time: 1701056499
INFO - 2023-11-27 03:41:39 --> Message time: 1700484940
INFO - 2023-11-27 03:41:39 --> Difference (minutes): 9525
INFO - 2023-11-27 03:41:39 --> Formatted date: Nov 20, 2023 12:55 PM
INFO - 2023-11-27 03:41:41 --> Current time: 1701056501
INFO - 2023-11-27 03:41:41 --> Message time: 1701085257
INFO - 2023-11-27 03:41:41 --> Difference (minutes): 479
INFO - 2023-11-27 03:41:41 --> Formatted date: Nov 27, 2023 11:40 AM
INFO - 2023-11-27 03:41:41 --> Current time: 1701056501
INFO - 2023-11-27 03:41:41 --> Message time: 1700484940
INFO - 2023-11-27 03:41:41 --> Difference (minutes): 9526
INFO - 2023-11-27 03:41:41 --> Formatted date: Nov 20, 2023 12:55 PM
INFO - 2023-11-27 03:41:44 --> Current time: 1701056504
INFO - 2023-11-27 03:41:44 --> Message time: 1701085257
INFO - 2023-11-27 03:41:44 --> Difference (minutes): 479
INFO - 2023-11-27 03:41:44 --> Formatted date: Nov 27, 2023 11:40 AM
INFO - 2023-11-27 03:41:44 --> Current time: 1701056504
INFO - 2023-11-27 03:41:44 --> Message time: 1700484940
INFO - 2023-11-27 03:41:44 --> Difference (minutes): 9526
INFO - 2023-11-27 03:41:44 --> Formatted date: Nov 20, 2023 12:55 PM
INFO - 2023-11-27 03:41:47 --> Current time: 1701056507
INFO - 2023-11-27 03:41:47 --> Message time: 1701085257
INFO - 2023-11-27 03:41:47 --> Difference (minutes): 479
INFO - 2023-11-27 03:41:47 --> Formatted date: Nov 27, 2023 11:40 AM
INFO - 2023-11-27 03:41:47 --> Current time: 1701056507
INFO - 2023-11-27 03:41:47 --> Message time: 1700484940
INFO - 2023-11-27 03:41:47 --> Difference (minutes): 9526
INFO - 2023-11-27 03:41:47 --> Formatted date: Nov 20, 2023 12:55 PM
INFO - 2023-11-27 03:42:01 --> Current time: 1701056521
INFO - 2023-11-27 03:42:01 --> Message time: 1701085257
INFO - 2023-11-27 03:42:01 --> Difference (minutes): 478
INFO - 2023-11-27 03:42:01 --> Formatted date: Nov 27, 2023 11:40 AM
INFO - 2023-11-27 03:42:01 --> Current time: 1701056521
INFO - 2023-11-27 03:42:01 --> Message time: 1700484940
INFO - 2023-11-27 03:42:01 --> Difference (minutes): 9526
INFO - 2023-11-27 03:42:01 --> Formatted date: Nov 20, 2023 12:55 PM
CRITICAL - 2023-11-27 03:42:02 --> Key material must be a string, resource, or OpenSSLAsymmetricKey
in VENDORPATH\firebase\php-jwt\src\Key.php on line 31.
 1 APPPATH\Controllers\ChatController.php(112): Firebase\JWT\Key->__construct(false, 'HS256')
 2 APPPATH\Controllers\ChatController.php(124): App\Controllers\ChatController->getUserIdFromToken()
 3 SYSTEMPATH\CodeIgniter.php(919): App\Controllers\ChatController->getConnectedUsers()
 4 SYSTEMPATH\CodeIgniter.php(494): CodeIgniter\CodeIgniter->runController(Object(App\Controllers\ChatController))
 5 SYSTEMPATH\CodeIgniter.php(353): CodeIgniter\CodeIgniter->handleRequest(null, Object(Config\Cache), false)
 6 FCPATH\index.php(89): CodeIgniter\CodeIgniter->run()
INFO - 2023-11-27 03:42:11 --> Current time: 1701056531
INFO - 2023-11-27 03:42:11 --> Message time: 1701085257
INFO - 2023-11-27 03:42:11 --> Difference (minutes): 478
INFO - 2023-11-27 03:42:11 --> Formatted date: Nov 27, 2023 11:40 AM
INFO - 2023-11-27 03:42:11 --> Current time: 1701056531
INFO - 2023-11-27 03:42:11 --> Message time: 1700484940
INFO - 2023-11-27 03:42:11 --> Difference (minutes): 9526
INFO - 2023-11-27 03:42:11 --> Formatted date: Nov 20, 2023 12:55 PM
INFO - 2023-11-27 03:42:12 --> Current time: 1701056532
INFO - 2023-11-27 03:42:12 --> Message time: 1701085257
INFO - 2023-11-27 03:42:12 --> Difference (minutes): 478
INFO - 2023-11-27 03:42:12 --> Formatted date: Nov 27, 2023 11:40 AM
INFO - 2023-11-27 03:42:12 --> Current time: 1701056532
INFO - 2023-11-27 03:42:12 --> Message time: 1700484940
INFO - 2023-11-27 03:42:12 --> Difference (minutes): 9526
INFO - 2023-11-27 03:42:12 --> Formatted date: Nov 20, 2023 12:55 PM
INFO - 2023-11-27 03:42:16 --> Current time: 1701056536
INFO - 2023-11-27 03:42:16 --> Message time: 1701085257
INFO - 2023-11-27 03:42:16 --> Difference (minutes): 478
INFO - 2023-11-27 03:42:16 --> Formatted date: Nov 27, 2023 11:40 AM
INFO - 2023-11-27 03:42:16 --> Current time: 1701056536
INFO - 2023-11-27 03:42:16 --> Message time: 1700484940
INFO - 2023-11-27 03:42:16 --> Difference (minutes): 9526
INFO - 2023-11-27 03:42:16 --> Formatted date: Nov 20, 2023 12:55 PM
CRITICAL - 2023-11-27 03:42:16 --> Key material must be a string, resource, or OpenSSLAsymmetricKey
in VENDORPATH\firebase\php-jwt\src\Key.php on line 31.
 1 APPPATH\Controllers\ChatController.php(112): Firebase\JWT\Key->__construct(false, 'HS256')
 2 APPPATH\Controllers\ChatController.php(231): App\Controllers\ChatController->getUserIdFromToken()
 3 SYSTEMPATH\CodeIgniter.php(919): App\Controllers\ChatController->getUserMessages('5')
 4 SYSTEMPATH\CodeIgniter.php(494): CodeIgniter\CodeIgniter->runController(Object(App\Controllers\ChatController))
 5 SYSTEMPATH\CodeIgniter.php(353): CodeIgniter\CodeIgniter->handleRequest(null, Object(Config\Cache), false)
 6 FCPATH\index.php(89): CodeIgniter\CodeIgniter->run()
INFO - 2023-11-27 03:42:16 --> Current time: 1701056536
INFO - 2023-11-27 03:42:16 --> Message time: 1701085257
INFO - 2023-11-27 03:42:16 --> Difference (minutes): 478
INFO - 2023-11-27 03:42:16 --> Formatted date: Nov 27, 2023 11:40 AM
INFO - 2023-11-27 03:42:16 --> Current time: 1701056536
INFO - 2023-11-27 03:42:16 --> Message time: 1700484940
INFO - 2023-11-27 03:42:16 --> Difference (minutes): 9526
INFO - 2023-11-27 03:42:16 --> Formatted date: Nov 20, 2023 12:55 PM
INFO - 2023-11-27 03:42:19 --> Current time: 1701056539
INFO - 2023-11-27 03:42:19 --> Message time: 1701085257
INFO - 2023-11-27 03:42:19 --> Difference (minutes): 478
INFO - 2023-11-27 03:42:19 --> Formatted date: Nov 27, 2023 11:40 AM
INFO - 2023-11-27 03:42:19 --> Current time: 1701056539
INFO - 2023-11-27 03:42:19 --> Message time: 1700484940
INFO - 2023-11-27 03:42:19 --> Difference (minutes): 9526
INFO - 2023-11-27 03:42:19 --> Formatted date: Nov 20, 2023 12:55 PM
CRITICAL - 2023-11-27 03:42:19 --> Key material must be a string, resource, or OpenSSLAsymmetricKey
in VENDORPATH\firebase\php-jwt\src\Key.php on line 31.
 1 APPPATH\Controllers\ChatController.php(112): Firebase\JWT\Key->__construct(false, 'HS256')
 2 APPPATH\Controllers\ChatController.php(231): App\Controllers\ChatController->getUserIdFromToken()
 3 SYSTEMPATH\CodeIgniter.php(919): App\Controllers\ChatController->getUserMessages('5')
 4 SYSTEMPATH\CodeIgniter.php(494): CodeIgniter\CodeIgniter->runController(Object(App\Controllers\ChatController))
 5 SYSTEMPATH\CodeIgniter.php(353): CodeIgniter\CodeIgniter->handleRequest(null, Object(Config\Cache), false)
 6 FCPATH\index.php(89): CodeIgniter\CodeIgniter->run()
INFO - 2023-11-27 03:42:21 --> Current time: 1701056541
INFO - 2023-11-27 03:42:21 --> Message time: 1701085257
INFO - 2023-11-27 03:42:21 --> Difference (minutes): 478
INFO - 2023-11-27 03:42:21 --> Formatted date: Nov 27, 2023 11:40 AM
INFO - 2023-11-27 03:42:21 --> Current time: 1701056541
INFO - 2023-11-27 03:42:21 --> Message time: 1700484940
INFO - 2023-11-27 03:42:21 --> Difference (minutes): 9526
INFO - 2023-11-27 03:42:21 --> Formatted date: Nov 20, 2023 12:55 PM
INFO - 2023-11-27 03:42:24 --> Current time: 1701056544
INFO - 2023-11-27 03:42:24 --> Message time: 1701085257
INFO - 2023-11-27 03:42:24 --> Difference (minutes): 478
INFO - 2023-11-27 03:42:24 --> Formatted date: Nov 27, 2023 11:40 AM
INFO - 2023-11-27 03:42:24 --> Current time: 1701056544
INFO - 2023-11-27 03:42:24 --> Message time: 1700484940
INFO - 2023-11-27 03:42:24 --> Difference (minutes): 9526
INFO - 2023-11-27 03:42:24 --> Formatted date: Nov 20, 2023 12:55 PM
