INFO - 2023-12-19 12:25:47 --> Session: Class initialized using 'CodeIgniter\Session\Handlers\FileHandler' driver.
CRITICAL - 2023-12-19 12:25:54 --> Undefined array key "parent_guardian"
in APPPATH\Controllers\StudentController.php on line 49.
 1 APPPATH\Controllers\StudentController.php(49): CodeIgniter\Debug\Exceptions->errorHandler(2, 'Undefined array key "parent_guardian"', 'C:\\laragon\\www\\cibackend\\app\\Controllers\\StudentController.php', 49)
 2 SYSTEMPATH\CodeIgniter.php(919): App\Controllers\StudentController->getData()
 3 SYSTEMPATH\CodeIgniter.php(494): CodeIgniter\CodeIgniter->runController(Object(App\Controllers\StudentController))
 4 SYSTEMPATH\CodeIgniter.php(353): CodeIgniter\CodeIgniter->handleRequest(null, Object(Config\Cache), false)
 5 FCPATH\index.php(89): CodeIgniter\CodeIgniter->run()
CRITICAL - 2023-12-19 12:25:56 --> Undefined array key "parent_guardian"
in APPPATH\Controllers\StudentController.php on line 49.
 1 APPPATH\Controllers\StudentController.php(49): CodeIgniter\Debug\Exceptions->errorHandler(2, 'Undefined array key "parent_guardian"', 'C:\\laragon\\www\\cibackend\\app\\Controllers\\StudentController.php', 49)
 2 SYSTEMPATH\CodeIgniter.php(919): App\Controllers\StudentController->getData()
 3 SYSTEMPATH\CodeIgniter.php(494): CodeIgniter\CodeIgniter->runController(Object(App\Controllers\StudentController))
 4 SYSTEMPATH\CodeIgniter.php(353): CodeIgniter\CodeIgniter->handleRequest(null, Object(Config\Cache), false)
 5 FCPATH\index.php(89): CodeIgniter\CodeIgniter->run()
CRITICAL - 2023-12-19 12:25:57 --> Undefined array key "parent_guardian"
in APPPATH\Controllers\StudentController.php on line 49.
 1 APPPATH\Controllers\StudentController.php(49): CodeIgniter\Debug\Exceptions->errorHandler(2, 'Undefined array key "parent_guardian"', 'C:\\laragon\\www\\cibackend\\app\\Controllers\\StudentController.php', 49)
 2 SYSTEMPATH\CodeIgniter.php(919): App\Controllers\StudentController->getData()
 3 SYSTEMPATH\CodeIgniter.php(494): CodeIgniter\CodeIgniter->runController(Object(App\Controllers\StudentController))
 4 SYSTEMPATH\CodeIgniter.php(353): CodeIgniter\CodeIgniter->handleRequest(null, Object(Config\Cache), false)
 5 FCPATH\index.php(89): CodeIgniter\CodeIgniter->run()
ERROR - 2023-12-19 12:26:07 --> mysqli_sql_exception: You have an error in your SQL syntax; check the manual that corresponds to your MySQL server version for the right syntax to use near ')' at line 3 in C:\laragon\www\cibackend\system\Database\MySQLi\Connection.php:306
Stack trace:
#0 C:\laragon\www\cibackend\system\Database\MySQLi\Connection.php(306): mysqli->query('SELECT *\nFROM `...', 0)
#1 C:\laragon\www\cibackend\system\Database\BaseConnection.php(692): CodeIgniter\Database\MySQLi\Connection->execute('SELECT *\nFROM `...')
#2 C:\laragon\www\cibackend\system\Database\BaseConnection.php(606): CodeIgniter\Database\BaseConnection->simpleQuery('SELECT *\nFROM `...')
#3 C:\laragon\www\cibackend\system\Database\BaseBuilder.php(1615): CodeIgniter\Database\BaseConnection->query('SELECT *\nFROM `...', Array, false)
#4 C:\laragon\www\cibackend\system\Model.php(192): CodeIgniter\Database\BaseBuilder->get()
#5 C:\laragon\www\cibackend\system\BaseModel.php(563): CodeIgniter\Model->doFind(false, Array)
#6 C:\laragon\www\cibackend\app\Controllers\ChatController.php(146): CodeIgniter\BaseModel->find(Array)
#7 C:\laragon\www\cibackend\system\CodeIgniter.php(919): App\Controllers\ChatController->getConnectedUsers()
#8 C:\laragon\www\cibackend\system\CodeIgniter.php(494): CodeIgniter\CodeIgniter->runController(Object(App\Controllers\ChatController))
#9 C:\laragon\www\cibackend\system\CodeIgniter.php(353): CodeIgniter\CodeIgniter->handleRequest(NULL, Object(Config\Cache), false)
#10 C:\laragon\www\cibackend\public\index.php(89): CodeIgniter\CodeIgniter->run()
#11 {main}
CRITICAL - 2023-12-19 12:26:07 --> You have an error in your SQL syntax; check the manual that corresponds to your MySQL server version for the right syntax to use near ')' at line 3
in SYSTEMPATH\Database\BaseConnection.php on line 646.
 1 SYSTEMPATH\Database\BaseBuilder.php(1615): CodeIgniter\Database\BaseConnection->query('SELECT *
FROM `account`
WHERE `account`.`id` IN :account.id:', [...], false)
 2 SYSTEMPATH\Model.php(192): CodeIgniter\Database\BaseBuilder->get()
 3 SYSTEMPATH\BaseModel.php(563): CodeIgniter\Model->doFind(false, [])
 4 APPPATH\Controllers\ChatController.php(146): CodeIgniter\BaseModel->find([])
 5 SYSTEMPATH\CodeIgniter.php(919): App\Controllers\ChatController->getConnectedUsers()
 6 SYSTEMPATH\CodeIgniter.php(494): CodeIgniter\CodeIgniter->runController(Object(App\Controllers\ChatController))
 7 SYSTEMPATH\CodeIgniter.php(353): CodeIgniter\CodeIgniter->handleRequest(null, Object(Config\Cache), false)
 8 FCPATH\index.php(89): CodeIgniter\CodeIgniter->run()
CRITICAL - 2023-12-19 12:26:08 --> Undefined array key "parent_guardian"
in APPPATH\Controllers\StudentController.php on line 49.
 1 APPPATH\Controllers\StudentController.php(49): CodeIgniter\Debug\Exceptions->errorHandler(2, 'Undefined array key "parent_guardian"', 'C:\\laragon\\www\\cibackend\\app\\Controllers\\StudentController.php', 49)
 2 SYSTEMPATH\CodeIgniter.php(919): App\Controllers\StudentController->getData()
 3 SYSTEMPATH\CodeIgniter.php(494): CodeIgniter\CodeIgniter->runController(Object(App\Controllers\StudentController))
 4 SYSTEMPATH\CodeIgniter.php(353): CodeIgniter\CodeIgniter->handleRequest(null, Object(Config\Cache), false)
 5 FCPATH\index.php(89): CodeIgniter\CodeIgniter->run()
CRITICAL - 2023-12-19 12:26:09 --> Undefined array key "parent_guardian"
in APPPATH\Controllers\StudentController.php on line 49.
 1 APPPATH\Controllers\StudentController.php(49): CodeIgniter\Debug\Exceptions->errorHandler(2, 'Undefined array key "parent_guardian"', 'C:\\laragon\\www\\cibackend\\app\\Controllers\\StudentController.php', 49)
 2 SYSTEMPATH\CodeIgniter.php(919): App\Controllers\StudentController->getData()
 3 SYSTEMPATH\CodeIgniter.php(494): CodeIgniter\CodeIgniter->runController(Object(App\Controllers\StudentController))
 4 SYSTEMPATH\CodeIgniter.php(353): CodeIgniter\CodeIgniter->handleRequest(null, Object(Config\Cache), false)
 5 FCPATH\index.php(89): CodeIgniter\CodeIgniter->run()
ERROR - 2023-12-19 12:26:17 --> mysqli_sql_exception: You have an error in your SQL syntax; check the manual that corresponds to your MySQL server version for the right syntax to use near ')' at line 3 in C:\laragon\www\cibackend\system\Database\MySQLi\Connection.php:306
Stack trace:
#0 C:\laragon\www\cibackend\system\Database\MySQLi\Connection.php(306): mysqli->query('SELECT *\nFROM `...', 0)
#1 C:\laragon\www\cibackend\system\Database\BaseConnection.php(692): CodeIgniter\Database\MySQLi\Connection->execute('SELECT *\nFROM `...')
#2 C:\laragon\www\cibackend\system\Database\BaseConnection.php(606): CodeIgniter\Database\BaseConnection->simpleQuery('SELECT *\nFROM `...')
#3 C:\laragon\www\cibackend\system\Database\BaseBuilder.php(1615): CodeIgniter\Database\BaseConnection->query('SELECT *\nFROM `...', Array, false)
#4 C:\laragon\www\cibackend\system\Model.php(192): CodeIgniter\Database\BaseBuilder->get()
#5 C:\laragon\www\cibackend\system\BaseModel.php(563): CodeIgniter\Model->doFind(false, Array)
#6 C:\laragon\www\cibackend\app\Controllers\ChatController.php(146): CodeIgniter\BaseModel->find(Array)
#7 C:\laragon\www\cibackend\system\CodeIgniter.php(919): App\Controllers\ChatController->getConnectedUsers()
#8 C:\laragon\www\cibackend\system\CodeIgniter.php(494): CodeIgniter\CodeIgniter->runController(Object(App\Controllers\ChatController))
#9 C:\laragon\www\cibackend\system\CodeIgniter.php(353): CodeIgniter\CodeIgniter->handleRequest(NULL, Object(Config\Cache), false)
#10 C:\laragon\www\cibackend\public\index.php(89): CodeIgniter\CodeIgniter->run()
#11 {main}
CRITICAL - 2023-12-19 12:26:17 --> You have an error in your SQL syntax; check the manual that corresponds to your MySQL server version for the right syntax to use near ')' at line 3
in SYSTEMPATH\Database\BaseConnection.php on line 646.
 1 SYSTEMPATH\Database\BaseBuilder.php(1615): CodeIgniter\Database\BaseConnection->query('SELECT *
FROM `account`
WHERE `account`.`id` IN :account.id:', [...], false)
 2 SYSTEMPATH\Model.php(192): CodeIgniter\Database\BaseBuilder->get()
 3 SYSTEMPATH\BaseModel.php(563): CodeIgniter\Model->doFind(false, [])
 4 APPPATH\Controllers\ChatController.php(146): CodeIgniter\BaseModel->find([])
 5 SYSTEMPATH\CodeIgniter.php(919): App\Controllers\ChatController->getConnectedUsers()
 6 SYSTEMPATH\CodeIgniter.php(494): CodeIgniter\CodeIgniter->runController(Object(App\Controllers\ChatController))
 7 SYSTEMPATH\CodeIgniter.php(353): CodeIgniter\CodeIgniter->handleRequest(null, Object(Config\Cache), false)
 8 FCPATH\index.php(89): CodeIgniter\CodeIgniter->run()
CRITICAL - 2023-12-19 12:26:17 --> Undefined array key "parent_guardian"
in APPPATH\Controllers\StudentController.php on line 49.
 1 APPPATH\Controllers\StudentController.php(49): CodeIgniter\Debug\Exceptions->errorHandler(2, 'Undefined array key "parent_guardian"', 'C:\\laragon\\www\\cibackend\\app\\Controllers\\StudentController.php', 49)
 2 SYSTEMPATH\CodeIgniter.php(919): App\Controllers\StudentController->getData()
 3 SYSTEMPATH\CodeIgniter.php(494): CodeIgniter\CodeIgniter->runController(Object(App\Controllers\StudentController))
 4 SYSTEMPATH\CodeIgniter.php(353): CodeIgniter\CodeIgniter->handleRequest(null, Object(Config\Cache), false)
 5 FCPATH\index.php(89): CodeIgniter\CodeIgniter->run()
ERROR - 2023-12-19 12:26:27 --> mysqli_sql_exception: You have an error in your SQL syntax; check the manual that corresponds to your MySQL server version for the right syntax to use near ')' at line 3 in C:\laragon\www\cibackend\system\Database\MySQLi\Connection.php:306
Stack trace:
#0 C:\laragon\www\cibackend\system\Database\MySQLi\Connection.php(306): mysqli->query('SELECT *\nFROM `...', 0)
#1 C:\laragon\www\cibackend\system\Database\BaseConnection.php(692): CodeIgniter\Database\MySQLi\Connection->execute('SELECT *\nFROM `...')
#2 C:\laragon\www\cibackend\system\Database\BaseConnection.php(606): CodeIgniter\Database\BaseConnection->simpleQuery('SELECT *\nFROM `...')
#3 C:\laragon\www\cibackend\system\Database\BaseBuilder.php(1615): CodeIgniter\Database\BaseConnection->query('SELECT *\nFROM `...', Array, false)
#4 C:\laragon\www\cibackend\system\Model.php(192): CodeIgniter\Database\BaseBuilder->get()
#5 C:\laragon\www\cibackend\system\BaseModel.php(563): CodeIgniter\Model->doFind(false, Array)
#6 C:\laragon\www\cibackend\app\Controllers\ChatController.php(146): CodeIgniter\BaseModel->find(Array)
#7 C:\laragon\www\cibackend\system\CodeIgniter.php(919): App\Controllers\ChatController->getConnectedUsers()
#8 C:\laragon\www\cibackend\system\CodeIgniter.php(494): CodeIgniter\CodeIgniter->runController(Object(App\Controllers\ChatController))
#9 C:\laragon\www\cibackend\system\CodeIgniter.php(353): CodeIgniter\CodeIgniter->handleRequest(NULL, Object(Config\Cache), false)
#10 C:\laragon\www\cibackend\public\index.php(89): CodeIgniter\CodeIgniter->run()
#11 {main}
CRITICAL - 2023-12-19 12:26:27 --> You have an error in your SQL syntax; check the manual that corresponds to your MySQL server version for the right syntax to use near ')' at line 3
in SYSTEMPATH\Database\BaseConnection.php on line 646.
 1 SYSTEMPATH\Database\BaseBuilder.php(1615): CodeIgniter\Database\BaseConnection->query('SELECT *
FROM `account`
WHERE `account`.`id` IN :account.id:', [...], false)
 2 SYSTEMPATH\Model.php(192): CodeIgniter\Database\BaseBuilder->get()
 3 SYSTEMPATH\BaseModel.php(563): CodeIgniter\Model->doFind(false, [])
 4 APPPATH\Controllers\ChatController.php(146): CodeIgniter\BaseModel->find([])
 5 SYSTEMPATH\CodeIgniter.php(919): App\Controllers\ChatController->getConnectedUsers()
 6 SYSTEMPATH\CodeIgniter.php(494): CodeIgniter\CodeIgniter->runController(Object(App\Controllers\ChatController))
 7 SYSTEMPATH\CodeIgniter.php(353): CodeIgniter\CodeIgniter->handleRequest(null, Object(Config\Cache), false)
 8 FCPATH\index.php(89): CodeIgniter\CodeIgniter->run()
ERROR - 2023-12-19 12:26:37 --> mysqli_sql_exception: You have an error in your SQL syntax; check the manual that corresponds to your MySQL server version for the right syntax to use near ')' at line 3 in C:\laragon\www\cibackend\system\Database\MySQLi\Connection.php:306
Stack trace:
#0 C:\laragon\www\cibackend\system\Database\MySQLi\Connection.php(306): mysqli->query('SELECT *\nFROM `...', 0)
#1 C:\laragon\www\cibackend\system\Database\BaseConnection.php(692): CodeIgniter\Database\MySQLi\Connection->execute('SELECT *\nFROM `...')
#2 C:\laragon\www\cibackend\system\Database\BaseConnection.php(606): CodeIgniter\Database\BaseConnection->simpleQuery('SELECT *\nFROM `...')
#3 C:\laragon\www\cibackend\system\Database\BaseBuilder.php(1615): CodeIgniter\Database\BaseConnection->query('SELECT *\nFROM `...', Array, false)
#4 C:\laragon\www\cibackend\system\Model.php(192): CodeIgniter\Database\BaseBuilder->get()
#5 C:\laragon\www\cibackend\system\BaseModel.php(563): CodeIgniter\Model->doFind(false, Array)
#6 C:\laragon\www\cibackend\app\Controllers\ChatController.php(146): CodeIgniter\BaseModel->find(Array)
#7 C:\laragon\www\cibackend\system\CodeIgniter.php(919): App\Controllers\ChatController->getConnectedUsers()
#8 C:\laragon\www\cibackend\system\CodeIgniter.php(494): CodeIgniter\CodeIgniter->runController(Object(App\Controllers\ChatController))
#9 C:\laragon\www\cibackend\system\CodeIgniter.php(353): CodeIgniter\CodeIgniter->handleRequest(NULL, Object(Config\Cache), false)
#10 C:\laragon\www\cibackend\public\index.php(89): CodeIgniter\CodeIgniter->run()
#11 {main}
CRITICAL - 2023-12-19 12:26:37 --> You have an error in your SQL syntax; check the manual that corresponds to your MySQL server version for the right syntax to use near ')' at line 3
in SYSTEMPATH\Database\BaseConnection.php on line 646.
 1 SYSTEMPATH\Database\BaseBuilder.php(1615): CodeIgniter\Database\BaseConnection->query('SELECT *
FROM `account`
WHERE `account`.`id` IN :account.id:', [...], false)
 2 SYSTEMPATH\Model.php(192): CodeIgniter\Database\BaseBuilder->get()
 3 SYSTEMPATH\BaseModel.php(563): CodeIgniter\Model->doFind(false, [])
 4 APPPATH\Controllers\ChatController.php(146): CodeIgniter\BaseModel->find([])
 5 SYSTEMPATH\CodeIgniter.php(919): App\Controllers\ChatController->getConnectedUsers()
 6 SYSTEMPATH\CodeIgniter.php(494): CodeIgniter\CodeIgniter->runController(Object(App\Controllers\ChatController))
 7 SYSTEMPATH\CodeIgniter.php(353): CodeIgniter\CodeIgniter->handleRequest(null, Object(Config\Cache), false)
 8 FCPATH\index.php(89): CodeIgniter\CodeIgniter->run()
ERROR - 2023-12-19 12:26:47 --> mysqli_sql_exception: You have an error in your SQL syntax; check the manual that corresponds to your MySQL server version for the right syntax to use near ')' at line 3 in C:\laragon\www\cibackend\system\Database\MySQLi\Connection.php:306
Stack trace:
#0 C:\laragon\www\cibackend\system\Database\MySQLi\Connection.php(306): mysqli->query('SELECT *\nFROM `...', 0)
#1 C:\laragon\www\cibackend\system\Database\BaseConnection.php(692): CodeIgniter\Database\MySQLi\Connection->execute('SELECT *\nFROM `...')
#2 C:\laragon\www\cibackend\system\Database\BaseConnection.php(606): CodeIgniter\Database\BaseConnection->simpleQuery('SELECT *\nFROM `...')
#3 C:\laragon\www\cibackend\system\Database\BaseBuilder.php(1615): CodeIgniter\Database\BaseConnection->query('SELECT *\nFROM `...', Array, false)
#4 C:\laragon\www\cibackend\system\Model.php(192): CodeIgniter\Database\BaseBuilder->get()
#5 C:\laragon\www\cibackend\system\BaseModel.php(563): CodeIgniter\Model->doFind(false, Array)
#6 C:\laragon\www\cibackend\app\Controllers\ChatController.php(146): CodeIgniter\BaseModel->find(Array)
#7 C:\laragon\www\cibackend\system\CodeIgniter.php(919): App\Controllers\ChatController->getConnectedUsers()
#8 C:\laragon\www\cibackend\system\CodeIgniter.php(494): CodeIgniter\CodeIgniter->runController(Object(App\Controllers\ChatController))
#9 C:\laragon\www\cibackend\system\CodeIgniter.php(353): CodeIgniter\CodeIgniter->handleRequest(NULL, Object(Config\Cache), false)
#10 C:\laragon\www\cibackend\public\index.php(89): CodeIgniter\CodeIgniter->run()
#11 {main}
CRITICAL - 2023-12-19 12:26:47 --> You have an error in your SQL syntax; check the manual that corresponds to your MySQL server version for the right syntax to use near ')' at line 3
in SYSTEMPATH\Database\BaseConnection.php on line 646.
 1 SYSTEMPATH\Database\BaseBuilder.php(1615): CodeIgniter\Database\BaseConnection->query('SELECT *
FROM `account`
WHERE `account`.`id` IN :account.id:', [...], false)
 2 SYSTEMPATH\Model.php(192): CodeIgniter\Database\BaseBuilder->get()
 3 SYSTEMPATH\BaseModel.php(563): CodeIgniter\Model->doFind(false, [])
 4 APPPATH\Controllers\ChatController.php(146): CodeIgniter\BaseModel->find([])
 5 SYSTEMPATH\CodeIgniter.php(919): App\Controllers\ChatController->getConnectedUsers()
 6 SYSTEMPATH\CodeIgniter.php(494): CodeIgniter\CodeIgniter->runController(Object(App\Controllers\ChatController))
 7 SYSTEMPATH\CodeIgniter.php(353): CodeIgniter\CodeIgniter->handleRequest(null, Object(Config\Cache), false)
 8 FCPATH\index.php(89): CodeIgniter\CodeIgniter->run()
ERROR - 2023-12-19 12:26:57 --> mysqli_sql_exception: You have an error in your SQL syntax; check the manual that corresponds to your MySQL server version for the right syntax to use near ')' at line 3 in C:\laragon\www\cibackend\system\Database\MySQLi\Connection.php:306
Stack trace:
#0 C:\laragon\www\cibackend\system\Database\MySQLi\Connection.php(306): mysqli->query('SELECT *\nFROM `...', 0)
#1 C:\laragon\www\cibackend\system\Database\BaseConnection.php(692): CodeIgniter\Database\MySQLi\Connection->execute('SELECT *\nFROM `...')
#2 C:\laragon\www\cibackend\system\Database\BaseConnection.php(606): CodeIgniter\Database\BaseConnection->simpleQuery('SELECT *\nFROM `...')
#3 C:\laragon\www\cibackend\system\Database\BaseBuilder.php(1615): CodeIgniter\Database\BaseConnection->query('SELECT *\nFROM `...', Array, false)
#4 C:\laragon\www\cibackend\system\Model.php(192): CodeIgniter\Database\BaseBuilder->get()
#5 C:\laragon\www\cibackend\system\BaseModel.php(563): CodeIgniter\Model->doFind(false, Array)
#6 C:\laragon\www\cibackend\app\Controllers\ChatController.php(146): CodeIgniter\BaseModel->find(Array)
#7 C:\laragon\www\cibackend\system\CodeIgniter.php(919): App\Controllers\ChatController->getConnectedUsers()
#8 C:\laragon\www\cibackend\system\CodeIgniter.php(494): CodeIgniter\CodeIgniter->runController(Object(App\Controllers\ChatController))
#9 C:\laragon\www\cibackend\system\CodeIgniter.php(353): CodeIgniter\CodeIgniter->handleRequest(NULL, Object(Config\Cache), false)
#10 C:\laragon\www\cibackend\public\index.php(89): CodeIgniter\CodeIgniter->run()
#11 {main}
CRITICAL - 2023-12-19 12:26:57 --> You have an error in your SQL syntax; check the manual that corresponds to your MySQL server version for the right syntax to use near ')' at line 3
in SYSTEMPATH\Database\BaseConnection.php on line 646.
 1 SYSTEMPATH\Database\BaseBuilder.php(1615): CodeIgniter\Database\BaseConnection->query('SELECT *
FROM `account`
WHERE `account`.`id` IN :account.id:', [...], false)
 2 SYSTEMPATH\Model.php(192): CodeIgniter\Database\BaseBuilder->get()
 3 SYSTEMPATH\BaseModel.php(563): CodeIgniter\Model->doFind(false, [])
 4 APPPATH\Controllers\ChatController.php(146): CodeIgniter\BaseModel->find([])
 5 SYSTEMPATH\CodeIgniter.php(919): App\Controllers\ChatController->getConnectedUsers()
 6 SYSTEMPATH\CodeIgniter.php(494): CodeIgniter\CodeIgniter->runController(Object(App\Controllers\ChatController))
 7 SYSTEMPATH\CodeIgniter.php(353): CodeIgniter\CodeIgniter->handleRequest(null, Object(Config\Cache), false)
 8 FCPATH\index.php(89): CodeIgniter\CodeIgniter->run()
ERROR - 2023-12-19 12:27:07 --> mysqli_sql_exception: You have an error in your SQL syntax; check the manual that corresponds to your MySQL server version for the right syntax to use near ')' at line 3 in C:\laragon\www\cibackend\system\Database\MySQLi\Connection.php:306
Stack trace:
#0 C:\laragon\www\cibackend\system\Database\MySQLi\Connection.php(306): mysqli->query('SELECT *\nFROM `...', 0)
#1 C:\laragon\www\cibackend\system\Database\BaseConnection.php(692): CodeIgniter\Database\MySQLi\Connection->execute('SELECT *\nFROM `...')
#2 C:\laragon\www\cibackend\system\Database\BaseConnection.php(606): CodeIgniter\Database\BaseConnection->simpleQuery('SELECT *\nFROM `...')
#3 C:\laragon\www\cibackend\system\Database\BaseBuilder.php(1615): CodeIgniter\Database\BaseConnection->query('SELECT *\nFROM `...', Array, false)
#4 C:\laragon\www\cibackend\system\Model.php(192): CodeIgniter\Database\BaseBuilder->get()
#5 C:\laragon\www\cibackend\system\BaseModel.php(563): CodeIgniter\Model->doFind(false, Array)
#6 C:\laragon\www\cibackend\app\Controllers\ChatController.php(146): CodeIgniter\BaseModel->find(Array)
#7 C:\laragon\www\cibackend\system\CodeIgniter.php(919): App\Controllers\ChatController->getConnectedUsers()
#8 C:\laragon\www\cibackend\system\CodeIgniter.php(494): CodeIgniter\CodeIgniter->runController(Object(App\Controllers\ChatController))
#9 C:\laragon\www\cibackend\system\CodeIgniter.php(353): CodeIgniter\CodeIgniter->handleRequest(NULL, Object(Config\Cache), false)
#10 C:\laragon\www\cibackend\public\index.php(89): CodeIgniter\CodeIgniter->run()
#11 {main}
CRITICAL - 2023-12-19 12:27:07 --> You have an error in your SQL syntax; check the manual that corresponds to your MySQL server version for the right syntax to use near ')' at line 3
in SYSTEMPATH\Database\BaseConnection.php on line 646.
 1 SYSTEMPATH\Database\BaseBuilder.php(1615): CodeIgniter\Database\BaseConnection->query('SELECT *
FROM `account`
WHERE `account`.`id` IN :account.id:', [...], false)
 2 SYSTEMPATH\Model.php(192): CodeIgniter\Database\BaseBuilder->get()
 3 SYSTEMPATH\BaseModel.php(563): CodeIgniter\Model->doFind(false, [])
 4 APPPATH\Controllers\ChatController.php(146): CodeIgniter\BaseModel->find([])
 5 SYSTEMPATH\CodeIgniter.php(919): App\Controllers\ChatController->getConnectedUsers()
 6 SYSTEMPATH\CodeIgniter.php(494): CodeIgniter\CodeIgniter->runController(Object(App\Controllers\ChatController))
 7 SYSTEMPATH\CodeIgniter.php(353): CodeIgniter\CodeIgniter->handleRequest(null, Object(Config\Cache), false)
 8 FCPATH\index.php(89): CodeIgniter\CodeIgniter->run()
ERROR - 2023-12-19 12:27:17 --> mysqli_sql_exception: You have an error in your SQL syntax; check the manual that corresponds to your MySQL server version for the right syntax to use near ')' at line 3 in C:\laragon\www\cibackend\system\Database\MySQLi\Connection.php:306
Stack trace:
#0 C:\laragon\www\cibackend\system\Database\MySQLi\Connection.php(306): mysqli->query('SELECT *\nFROM `...', 0)
#1 C:\laragon\www\cibackend\system\Database\BaseConnection.php(692): CodeIgniter\Database\MySQLi\Connection->execute('SELECT *\nFROM `...')
#2 C:\laragon\www\cibackend\system\Database\BaseConnection.php(606): CodeIgniter\Database\BaseConnection->simpleQuery('SELECT *\nFROM `...')
#3 C:\laragon\www\cibackend\system\Database\BaseBuilder.php(1615): CodeIgniter\Database\BaseConnection->query('SELECT *\nFROM `...', Array, false)
#4 C:\laragon\www\cibackend\system\Model.php(192): CodeIgniter\Database\BaseBuilder->get()
#5 C:\laragon\www\cibackend\system\BaseModel.php(563): CodeIgniter\Model->doFind(false, Array)
#6 C:\laragon\www\cibackend\app\Controllers\ChatController.php(146): CodeIgniter\BaseModel->find(Array)
#7 C:\laragon\www\cibackend\system\CodeIgniter.php(919): App\Controllers\ChatController->getConnectedUsers()
#8 C:\laragon\www\cibackend\system\CodeIgniter.php(494): CodeIgniter\CodeIgniter->runController(Object(App\Controllers\ChatController))
#9 C:\laragon\www\cibackend\system\CodeIgniter.php(353): CodeIgniter\CodeIgniter->handleRequest(NULL, Object(Config\Cache), false)
#10 C:\laragon\www\cibackend\public\index.php(89): CodeIgniter\CodeIgniter->run()
#11 {main}
CRITICAL - 2023-12-19 12:27:17 --> You have an error in your SQL syntax; check the manual that corresponds to your MySQL server version for the right syntax to use near ')' at line 3
in SYSTEMPATH\Database\BaseConnection.php on line 646.
 1 SYSTEMPATH\Database\BaseBuilder.php(1615): CodeIgniter\Database\BaseConnection->query('SELECT *
FROM `account`
WHERE `account`.`id` IN :account.id:', [...], false)
 2 SYSTEMPATH\Model.php(192): CodeIgniter\Database\BaseBuilder->get()
 3 SYSTEMPATH\BaseModel.php(563): CodeIgniter\Model->doFind(false, [])
 4 APPPATH\Controllers\ChatController.php(146): CodeIgniter\BaseModel->find([])
 5 SYSTEMPATH\CodeIgniter.php(919): App\Controllers\ChatController->getConnectedUsers()
 6 SYSTEMPATH\CodeIgniter.php(494): CodeIgniter\CodeIgniter->runController(Object(App\Controllers\ChatController))
 7 SYSTEMPATH\CodeIgniter.php(353): CodeIgniter\CodeIgniter->handleRequest(null, Object(Config\Cache), false)
 8 FCPATH\index.php(89): CodeIgniter\CodeIgniter->run()
ERROR - 2023-12-19 12:27:27 --> mysqli_sql_exception: You have an error in your SQL syntax; check the manual that corresponds to your MySQL server version for the right syntax to use near ')' at line 3 in C:\laragon\www\cibackend\system\Database\MySQLi\Connection.php:306
Stack trace:
#0 C:\laragon\www\cibackend\system\Database\MySQLi\Connection.php(306): mysqli->query('SELECT *\nFROM `...', 0)
#1 C:\laragon\www\cibackend\system\Database\BaseConnection.php(692): CodeIgniter\Database\MySQLi\Connection->execute('SELECT *\nFROM `...')
#2 C:\laragon\www\cibackend\system\Database\BaseConnection.php(606): CodeIgniter\Database\BaseConnection->simpleQuery('SELECT *\nFROM `...')
#3 C:\laragon\www\cibackend\system\Database\BaseBuilder.php(1615): CodeIgniter\Database\BaseConnection->query('SELECT *\nFROM `...', Array, false)
#4 C:\laragon\www\cibackend\system\Model.php(192): CodeIgniter\Database\BaseBuilder->get()
#5 C:\laragon\www\cibackend\system\BaseModel.php(563): CodeIgniter\Model->doFind(false, Array)
#6 C:\laragon\www\cibackend\app\Controllers\ChatController.php(146): CodeIgniter\BaseModel->find(Array)
#7 C:\laragon\www\cibackend\system\CodeIgniter.php(919): App\Controllers\ChatController->getConnectedUsers()
#8 C:\laragon\www\cibackend\system\CodeIgniter.php(494): CodeIgniter\CodeIgniter->runController(Object(App\Controllers\ChatController))
#9 C:\laragon\www\cibackend\system\CodeIgniter.php(353): CodeIgniter\CodeIgniter->handleRequest(NULL, Object(Config\Cache), false)
#10 C:\laragon\www\cibackend\public\index.php(89): CodeIgniter\CodeIgniter->run()
#11 {main}
CRITICAL - 2023-12-19 12:27:27 --> You have an error in your SQL syntax; check the manual that corresponds to your MySQL server version for the right syntax to use near ')' at line 3
in SYSTEMPATH\Database\BaseConnection.php on line 646.
 1 SYSTEMPATH\Database\BaseBuilder.php(1615): CodeIgniter\Database\BaseConnection->query('SELECT *
FROM `account`
WHERE `account`.`id` IN :account.id:', [...], false)
 2 SYSTEMPATH\Model.php(192): CodeIgniter\Database\BaseBuilder->get()
 3 SYSTEMPATH\BaseModel.php(563): CodeIgniter\Model->doFind(false, [])
 4 APPPATH\Controllers\ChatController.php(146): CodeIgniter\BaseModel->find([])
 5 SYSTEMPATH\CodeIgniter.php(919): App\Controllers\ChatController->getConnectedUsers()
 6 SYSTEMPATH\CodeIgniter.php(494): CodeIgniter\CodeIgniter->runController(Object(App\Controllers\ChatController))
 7 SYSTEMPATH\CodeIgniter.php(353): CodeIgniter\CodeIgniter->handleRequest(null, Object(Config\Cache), false)
 8 FCPATH\index.php(89): CodeIgniter\CodeIgniter->run()
ERROR - 2023-12-19 12:28:25 --> mysqli_sql_exception: You have an error in your SQL syntax; check the manual that corresponds to your MySQL server version for the right syntax to use near ')' at line 3 in C:\laragon\www\cibackend\system\Database\MySQLi\Connection.php:306
Stack trace:
#0 C:\laragon\www\cibackend\system\Database\MySQLi\Connection.php(306): mysqli->query('SELECT *\nFROM `...', 0)
#1 C:\laragon\www\cibackend\system\Database\BaseConnection.php(692): CodeIgniter\Database\MySQLi\Connection->execute('SELECT *\nFROM `...')
#2 C:\laragon\www\cibackend\system\Database\BaseConnection.php(606): CodeIgniter\Database\BaseConnection->simpleQuery('SELECT *\nFROM `...')
#3 C:\laragon\www\cibackend\system\Database\BaseBuilder.php(1615): CodeIgniter\Database\BaseConnection->query('SELECT *\nFROM `...', Array, false)
#4 C:\laragon\www\cibackend\system\Model.php(192): CodeIgniter\Database\BaseBuilder->get()
#5 C:\laragon\www\cibackend\system\BaseModel.php(563): CodeIgniter\Model->doFind(false, Array)
#6 C:\laragon\www\cibackend\app\Controllers\ChatController.php(146): CodeIgniter\BaseModel->find(Array)
#7 C:\laragon\www\cibackend\system\CodeIgniter.php(919): App\Controllers\ChatController->getConnectedUsers()
#8 C:\laragon\www\cibackend\system\CodeIgniter.php(494): CodeIgniter\CodeIgniter->runController(Object(App\Controllers\ChatController))
#9 C:\laragon\www\cibackend\system\CodeIgniter.php(353): CodeIgniter\CodeIgniter->handleRequest(NULL, Object(Config\Cache), false)
#10 C:\laragon\www\cibackend\public\index.php(89): CodeIgniter\CodeIgniter->run()
#11 {main}
CRITICAL - 2023-12-19 12:28:25 --> You have an error in your SQL syntax; check the manual that corresponds to your MySQL server version for the right syntax to use near ')' at line 3
in SYSTEMPATH\Database\BaseConnection.php on line 646.
 1 SYSTEMPATH\Database\BaseBuilder.php(1615): CodeIgniter\Database\BaseConnection->query('SELECT *
FROM `account`
WHERE `account`.`id` IN :account.id:', [...], false)
 2 SYSTEMPATH\Model.php(192): CodeIgniter\Database\BaseBuilder->get()
 3 SYSTEMPATH\BaseModel.php(563): CodeIgniter\Model->doFind(false, [])
 4 APPPATH\Controllers\ChatController.php(146): CodeIgniter\BaseModel->find([])
 5 SYSTEMPATH\CodeIgniter.php(919): App\Controllers\ChatController->getConnectedUsers()
 6 SYSTEMPATH\CodeIgniter.php(494): CodeIgniter\CodeIgniter->runController(Object(App\Controllers\ChatController))
 7 SYSTEMPATH\CodeIgniter.php(353): CodeIgniter\CodeIgniter->handleRequest(null, Object(Config\Cache), false)
 8 FCPATH\index.php(89): CodeIgniter\CodeIgniter->run()
ERROR - 2023-12-19 12:29:25 --> mysqli_sql_exception: You have an error in your SQL syntax; check the manual that corresponds to your MySQL server version for the right syntax to use near ')' at line 3 in C:\laragon\www\cibackend\system\Database\MySQLi\Connection.php:306
Stack trace:
#0 C:\laragon\www\cibackend\system\Database\MySQLi\Connection.php(306): mysqli->query('SELECT *\nFROM `...', 0)
#1 C:\laragon\www\cibackend\system\Database\BaseConnection.php(692): CodeIgniter\Database\MySQLi\Connection->execute('SELECT *\nFROM `...')
#2 C:\laragon\www\cibackend\system\Database\BaseConnection.php(606): CodeIgniter\Database\BaseConnection->simpleQuery('SELECT *\nFROM `...')
#3 C:\laragon\www\cibackend\system\Database\BaseBuilder.php(1615): CodeIgniter\Database\BaseConnection->query('SELECT *\nFROM `...', Array, false)
#4 C:\laragon\www\cibackend\system\Model.php(192): CodeIgniter\Database\BaseBuilder->get()
#5 C:\laragon\www\cibackend\system\BaseModel.php(563): CodeIgniter\Model->doFind(false, Array)
#6 C:\laragon\www\cibackend\app\Controllers\ChatController.php(146): CodeIgniter\BaseModel->find(Array)
#7 C:\laragon\www\cibackend\system\CodeIgniter.php(919): App\Controllers\ChatController->getConnectedUsers()
#8 C:\laragon\www\cibackend\system\CodeIgniter.php(494): CodeIgniter\CodeIgniter->runController(Object(App\Controllers\ChatController))
#9 C:\laragon\www\cibackend\system\CodeIgniter.php(353): CodeIgniter\CodeIgniter->handleRequest(NULL, Object(Config\Cache), false)
#10 C:\laragon\www\cibackend\public\index.php(89): CodeIgniter\CodeIgniter->run()
#11 {main}
CRITICAL - 2023-12-19 12:29:25 --> You have an error in your SQL syntax; check the manual that corresponds to your MySQL server version for the right syntax to use near ')' at line 3
in SYSTEMPATH\Database\BaseConnection.php on line 646.
 1 SYSTEMPATH\Database\BaseBuilder.php(1615): CodeIgniter\Database\BaseConnection->query('SELECT *
FROM `account`
WHERE `account`.`id` IN :account.id:', [...], false)
 2 SYSTEMPATH\Model.php(192): CodeIgniter\Database\BaseBuilder->get()
 3 SYSTEMPATH\BaseModel.php(563): CodeIgniter\Model->doFind(false, [])
 4 APPPATH\Controllers\ChatController.php(146): CodeIgniter\BaseModel->find([])
 5 SYSTEMPATH\CodeIgniter.php(919): App\Controllers\ChatController->getConnectedUsers()
 6 SYSTEMPATH\CodeIgniter.php(494): CodeIgniter\CodeIgniter->runController(Object(App\Controllers\ChatController))
 7 SYSTEMPATH\CodeIgniter.php(353): CodeIgniter\CodeIgniter->handleRequest(null, Object(Config\Cache), false)
 8 FCPATH\index.php(89): CodeIgniter\CodeIgniter->run()
ERROR - 2023-12-19 12:29:35 --> mysqli_sql_exception: You have an error in your SQL syntax; check the manual that corresponds to your MySQL server version for the right syntax to use near ')' at line 3 in C:\laragon\www\cibackend\system\Database\MySQLi\Connection.php:306
Stack trace:
#0 C:\laragon\www\cibackend\system\Database\MySQLi\Connection.php(306): mysqli->query('SELECT *\nFROM `...', 0)
#1 C:\laragon\www\cibackend\system\Database\BaseConnection.php(692): CodeIgniter\Database\MySQLi\Connection->execute('SELECT *\nFROM `...')
#2 C:\laragon\www\cibackend\system\Database\BaseConnection.php(606): CodeIgniter\Database\BaseConnection->simpleQuery('SELECT *\nFROM `...')
#3 C:\laragon\www\cibackend\system\Database\BaseBuilder.php(1615): CodeIgniter\Database\BaseConnection->query('SELECT *\nFROM `...', Array, false)
#4 C:\laragon\www\cibackend\system\Model.php(192): CodeIgniter\Database\BaseBuilder->get()
#5 C:\laragon\www\cibackend\system\BaseModel.php(563): CodeIgniter\Model->doFind(false, Array)
#6 C:\laragon\www\cibackend\app\Controllers\ChatController.php(146): CodeIgniter\BaseModel->find(Array)
#7 C:\laragon\www\cibackend\system\CodeIgniter.php(919): App\Controllers\ChatController->getConnectedUsers()
#8 C:\laragon\www\cibackend\system\CodeIgniter.php(494): CodeIgniter\CodeIgniter->runController(Object(App\Controllers\ChatController))
#9 C:\laragon\www\cibackend\system\CodeIgniter.php(353): CodeIgniter\CodeIgniter->handleRequest(NULL, Object(Config\Cache), false)
#10 C:\laragon\www\cibackend\public\index.php(89): CodeIgniter\CodeIgniter->run()
#11 {main}
CRITICAL - 2023-12-19 12:29:35 --> You have an error in your SQL syntax; check the manual that corresponds to your MySQL server version for the right syntax to use near ')' at line 3
in SYSTEMPATH\Database\BaseConnection.php on line 646.
 1 SYSTEMPATH\Database\BaseBuilder.php(1615): CodeIgniter\Database\BaseConnection->query('SELECT *
FROM `account`
WHERE `account`.`id` IN :account.id:', [...], false)
 2 SYSTEMPATH\Model.php(192): CodeIgniter\Database\BaseBuilder->get()
 3 SYSTEMPATH\BaseModel.php(563): CodeIgniter\Model->doFind(false, [])
 4 APPPATH\Controllers\ChatController.php(146): CodeIgniter\BaseModel->find([])
 5 SYSTEMPATH\CodeIgniter.php(919): App\Controllers\ChatController->getConnectedUsers()
 6 SYSTEMPATH\CodeIgniter.php(494): CodeIgniter\CodeIgniter->runController(Object(App\Controllers\ChatController))
 7 SYSTEMPATH\CodeIgniter.php(353): CodeIgniter\CodeIgniter->handleRequest(null, Object(Config\Cache), false)
 8 FCPATH\index.php(89): CodeIgniter\CodeIgniter->run()
ERROR - 2023-12-19 12:29:37 --> mysqli_sql_exception: You have an error in your SQL syntax; check the manual that corresponds to your MySQL server version for the right syntax to use near ')' at line 3 in C:\laragon\www\cibackend\system\Database\MySQLi\Connection.php:306
Stack trace:
#0 C:\laragon\www\cibackend\system\Database\MySQLi\Connection.php(306): mysqli->query('SELECT *\nFROM `...', 0)
#1 C:\laragon\www\cibackend\system\Database\BaseConnection.php(692): CodeIgniter\Database\MySQLi\Connection->execute('SELECT *\nFROM `...')
#2 C:\laragon\www\cibackend\system\Database\BaseConnection.php(606): CodeIgniter\Database\BaseConnection->simpleQuery('SELECT *\nFROM `...')
#3 C:\laragon\www\cibackend\system\Database\BaseBuilder.php(1615): CodeIgniter\Database\BaseConnection->query('SELECT *\nFROM `...', Array, false)
#4 C:\laragon\www\cibackend\system\Model.php(192): CodeIgniter\Database\BaseBuilder->get()
#5 C:\laragon\www\cibackend\system\BaseModel.php(563): CodeIgniter\Model->doFind(false, Array)
#6 C:\laragon\www\cibackend\app\Controllers\ChatController.php(146): CodeIgniter\BaseModel->find(Array)
#7 C:\laragon\www\cibackend\system\CodeIgniter.php(919): App\Controllers\ChatController->getConnectedUsers()
#8 C:\laragon\www\cibackend\system\CodeIgniter.php(494): CodeIgniter\CodeIgniter->runController(Object(App\Controllers\ChatController))
#9 C:\laragon\www\cibackend\system\CodeIgniter.php(353): CodeIgniter\CodeIgniter->handleRequest(NULL, Object(Config\Cache), false)
#10 C:\laragon\www\cibackend\public\index.php(89): CodeIgniter\CodeIgniter->run()
#11 {main}
CRITICAL - 2023-12-19 12:29:37 --> You have an error in your SQL syntax; check the manual that corresponds to your MySQL server version for the right syntax to use near ')' at line 3
in SYSTEMPATH\Database\BaseConnection.php on line 646.
 1 SYSTEMPATH\Database\BaseBuilder.php(1615): CodeIgniter\Database\BaseConnection->query('SELECT *
FROM `account`
WHERE `account`.`id` IN :account.id:', [...], false)
 2 SYSTEMPATH\Model.php(192): CodeIgniter\Database\BaseBuilder->get()
 3 SYSTEMPATH\BaseModel.php(563): CodeIgniter\Model->doFind(false, [])
 4 APPPATH\Controllers\ChatController.php(146): CodeIgniter\BaseModel->find([])
 5 SYSTEMPATH\CodeIgniter.php(919): App\Controllers\ChatController->getConnectedUsers()
 6 SYSTEMPATH\CodeIgniter.php(494): CodeIgniter\CodeIgniter->runController(Object(App\Controllers\ChatController))
 7 SYSTEMPATH\CodeIgniter.php(353): CodeIgniter\CodeIgniter->handleRequest(null, Object(Config\Cache), false)
 8 FCPATH\index.php(89): CodeIgniter\CodeIgniter->run()
ERROR - 2023-12-19 12:29:47 --> mysqli_sql_exception: You have an error in your SQL syntax; check the manual that corresponds to your MySQL server version for the right syntax to use near ')' at line 3 in C:\laragon\www\cibackend\system\Database\MySQLi\Connection.php:306
Stack trace:
#0 C:\laragon\www\cibackend\system\Database\MySQLi\Connection.php(306): mysqli->query('SELECT *\nFROM `...', 0)
#1 C:\laragon\www\cibackend\system\Database\BaseConnection.php(692): CodeIgniter\Database\MySQLi\Connection->execute('SELECT *\nFROM `...')
#2 C:\laragon\www\cibackend\system\Database\BaseConnection.php(606): CodeIgniter\Database\BaseConnection->simpleQuery('SELECT *\nFROM `...')
#3 C:\laragon\www\cibackend\system\Database\BaseBuilder.php(1615): CodeIgniter\Database\BaseConnection->query('SELECT *\nFROM `...', Array, false)
#4 C:\laragon\www\cibackend\system\Model.php(192): CodeIgniter\Database\BaseBuilder->get()
#5 C:\laragon\www\cibackend\system\BaseModel.php(563): CodeIgniter\Model->doFind(false, Array)
#6 C:\laragon\www\cibackend\app\Controllers\ChatController.php(146): CodeIgniter\BaseModel->find(Array)
#7 C:\laragon\www\cibackend\system\CodeIgniter.php(919): App\Controllers\ChatController->getConnectedUsers()
#8 C:\laragon\www\cibackend\system\CodeIgniter.php(494): CodeIgniter\CodeIgniter->runController(Object(App\Controllers\ChatController))
#9 C:\laragon\www\cibackend\system\CodeIgniter.php(353): CodeIgniter\CodeIgniter->handleRequest(NULL, Object(Config\Cache), false)
#10 C:\laragon\www\cibackend\public\index.php(89): CodeIgniter\CodeIgniter->run()
#11 {main}
CRITICAL - 2023-12-19 12:29:47 --> You have an error in your SQL syntax; check the manual that corresponds to your MySQL server version for the right syntax to use near ')' at line 3
in SYSTEMPATH\Database\BaseConnection.php on line 646.
 1 SYSTEMPATH\Database\BaseBuilder.php(1615): CodeIgniter\Database\BaseConnection->query('SELECT *
FROM `account`
WHERE `account`.`id` IN :account.id:', [...], false)
 2 SYSTEMPATH\Model.php(192): CodeIgniter\Database\BaseBuilder->get()
 3 SYSTEMPATH\BaseModel.php(563): CodeIgniter\Model->doFind(false, [])
 4 APPPATH\Controllers\ChatController.php(146): CodeIgniter\BaseModel->find([])
 5 SYSTEMPATH\CodeIgniter.php(919): App\Controllers\ChatController->getConnectedUsers()
 6 SYSTEMPATH\CodeIgniter.php(494): CodeIgniter\CodeIgniter->runController(Object(App\Controllers\ChatController))
 7 SYSTEMPATH\CodeIgniter.php(353): CodeIgniter\CodeIgniter->handleRequest(null, Object(Config\Cache), false)
 8 FCPATH\index.php(89): CodeIgniter\CodeIgniter->run()
ERROR - 2023-12-19 12:29:57 --> mysqli_sql_exception: You have an error in your SQL syntax; check the manual that corresponds to your MySQL server version for the right syntax to use near ')' at line 3 in C:\laragon\www\cibackend\system\Database\MySQLi\Connection.php:306
Stack trace:
#0 C:\laragon\www\cibackend\system\Database\MySQLi\Connection.php(306): mysqli->query('SELECT *\nFROM `...', 0)
#1 C:\laragon\www\cibackend\system\Database\BaseConnection.php(692): CodeIgniter\Database\MySQLi\Connection->execute('SELECT *\nFROM `...')
#2 C:\laragon\www\cibackend\system\Database\BaseConnection.php(606): CodeIgniter\Database\BaseConnection->simpleQuery('SELECT *\nFROM `...')
#3 C:\laragon\www\cibackend\system\Database\BaseBuilder.php(1615): CodeIgniter\Database\BaseConnection->query('SELECT *\nFROM `...', Array, false)
#4 C:\laragon\www\cibackend\system\Model.php(192): CodeIgniter\Database\BaseBuilder->get()
#5 C:\laragon\www\cibackend\system\BaseModel.php(563): CodeIgniter\Model->doFind(false, Array)
#6 C:\laragon\www\cibackend\app\Controllers\ChatController.php(146): CodeIgniter\BaseModel->find(Array)
#7 C:\laragon\www\cibackend\system\CodeIgniter.php(919): App\Controllers\ChatController->getConnectedUsers()
#8 C:\laragon\www\cibackend\system\CodeIgniter.php(494): CodeIgniter\CodeIgniter->runController(Object(App\Controllers\ChatController))
#9 C:\laragon\www\cibackend\system\CodeIgniter.php(353): CodeIgniter\CodeIgniter->handleRequest(NULL, Object(Config\Cache), false)
#10 C:\laragon\www\cibackend\public\index.php(89): CodeIgniter\CodeIgniter->run()
#11 {main}
CRITICAL - 2023-12-19 12:29:57 --> You have an error in your SQL syntax; check the manual that corresponds to your MySQL server version for the right syntax to use near ')' at line 3
in SYSTEMPATH\Database\BaseConnection.php on line 646.
 1 SYSTEMPATH\Database\BaseBuilder.php(1615): CodeIgniter\Database\BaseConnection->query('SELECT *
FROM `account`
WHERE `account`.`id` IN :account.id:', [...], false)
 2 SYSTEMPATH\Model.php(192): CodeIgniter\Database\BaseBuilder->get()
 3 SYSTEMPATH\BaseModel.php(563): CodeIgniter\Model->doFind(false, [])
 4 APPPATH\Controllers\ChatController.php(146): CodeIgniter\BaseModel->find([])
 5 SYSTEMPATH\CodeIgniter.php(919): App\Controllers\ChatController->getConnectedUsers()
 6 SYSTEMPATH\CodeIgniter.php(494): CodeIgniter\CodeIgniter->runController(Object(App\Controllers\ChatController))
 7 SYSTEMPATH\CodeIgniter.php(353): CodeIgniter\CodeIgniter->handleRequest(null, Object(Config\Cache), false)
 8 FCPATH\index.php(89): CodeIgniter\CodeIgniter->run()
ERROR - 2023-12-19 12:30:07 --> mysqli_sql_exception: You have an error in your SQL syntax; check the manual that corresponds to your MySQL server version for the right syntax to use near ')' at line 3 in C:\laragon\www\cibackend\system\Database\MySQLi\Connection.php:306
Stack trace:
#0 C:\laragon\www\cibackend\system\Database\MySQLi\Connection.php(306): mysqli->query('SELECT *\nFROM `...', 0)
#1 C:\laragon\www\cibackend\system\Database\BaseConnection.php(692): CodeIgniter\Database\MySQLi\Connection->execute('SELECT *\nFROM `...')
#2 C:\laragon\www\cibackend\system\Database\BaseConnection.php(606): CodeIgniter\Database\BaseConnection->simpleQuery('SELECT *\nFROM `...')
#3 C:\laragon\www\cibackend\system\Database\BaseBuilder.php(1615): CodeIgniter\Database\BaseConnection->query('SELECT *\nFROM `...', Array, false)
#4 C:\laragon\www\cibackend\system\Model.php(192): CodeIgniter\Database\BaseBuilder->get()
#5 C:\laragon\www\cibackend\system\BaseModel.php(563): CodeIgniter\Model->doFind(false, Array)
#6 C:\laragon\www\cibackend\app\Controllers\ChatController.php(146): CodeIgniter\BaseModel->find(Array)
#7 C:\laragon\www\cibackend\system\CodeIgniter.php(919): App\Controllers\ChatController->getConnectedUsers()
#8 C:\laragon\www\cibackend\system\CodeIgniter.php(494): CodeIgniter\CodeIgniter->runController(Object(App\Controllers\ChatController))
#9 C:\laragon\www\cibackend\system\CodeIgniter.php(353): CodeIgniter\CodeIgniter->handleRequest(NULL, Object(Config\Cache), false)
#10 C:\laragon\www\cibackend\public\index.php(89): CodeIgniter\CodeIgniter->run()
#11 {main}
CRITICAL - 2023-12-19 12:30:07 --> You have an error in your SQL syntax; check the manual that corresponds to your MySQL server version for the right syntax to use near ')' at line 3
in SYSTEMPATH\Database\BaseConnection.php on line 646.
 1 SYSTEMPATH\Database\BaseBuilder.php(1615): CodeIgniter\Database\BaseConnection->query('SELECT *
FROM `account`
WHERE `account`.`id` IN :account.id:', [...], false)
 2 SYSTEMPATH\Model.php(192): CodeIgniter\Database\BaseBuilder->get()
 3 SYSTEMPATH\BaseModel.php(563): CodeIgniter\Model->doFind(false, [])
 4 APPPATH\Controllers\ChatController.php(146): CodeIgniter\BaseModel->find([])
 5 SYSTEMPATH\CodeIgniter.php(919): App\Controllers\ChatController->getConnectedUsers()
 6 SYSTEMPATH\CodeIgniter.php(494): CodeIgniter\CodeIgniter->runController(Object(App\Controllers\ChatController))
 7 SYSTEMPATH\CodeIgniter.php(353): CodeIgniter\CodeIgniter->handleRequest(null, Object(Config\Cache), false)
 8 FCPATH\index.php(89): CodeIgniter\CodeIgniter->run()
ERROR - 2023-12-19 12:30:17 --> mysqli_sql_exception: You have an error in your SQL syntax; check the manual that corresponds to your MySQL server version for the right syntax to use near ')' at line 3 in C:\laragon\www\cibackend\system\Database\MySQLi\Connection.php:306
Stack trace:
#0 C:\laragon\www\cibackend\system\Database\MySQLi\Connection.php(306): mysqli->query('SELECT *\nFROM `...', 0)
#1 C:\laragon\www\cibackend\system\Database\BaseConnection.php(692): CodeIgniter\Database\MySQLi\Connection->execute('SELECT *\nFROM `...')
#2 C:\laragon\www\cibackend\system\Database\BaseConnection.php(606): CodeIgniter\Database\BaseConnection->simpleQuery('SELECT *\nFROM `...')
#3 C:\laragon\www\cibackend\system\Database\BaseBuilder.php(1615): CodeIgniter\Database\BaseConnection->query('SELECT *\nFROM `...', Array, false)
#4 C:\laragon\www\cibackend\system\Model.php(192): CodeIgniter\Database\BaseBuilder->get()
#5 C:\laragon\www\cibackend\system\BaseModel.php(563): CodeIgniter\Model->doFind(false, Array)
#6 C:\laragon\www\cibackend\app\Controllers\ChatController.php(146): CodeIgniter\BaseModel->find(Array)
#7 C:\laragon\www\cibackend\system\CodeIgniter.php(919): App\Controllers\ChatController->getConnectedUsers()
#8 C:\laragon\www\cibackend\system\CodeIgniter.php(494): CodeIgniter\CodeIgniter->runController(Object(App\Controllers\ChatController))
#9 C:\laragon\www\cibackend\system\CodeIgniter.php(353): CodeIgniter\CodeIgniter->handleRequest(NULL, Object(Config\Cache), false)
#10 C:\laragon\www\cibackend\public\index.php(89): CodeIgniter\CodeIgniter->run()
#11 {main}
CRITICAL - 2023-12-19 12:30:17 --> You have an error in your SQL syntax; check the manual that corresponds to your MySQL server version for the right syntax to use near ')' at line 3
in SYSTEMPATH\Database\BaseConnection.php on line 646.
 1 SYSTEMPATH\Database\BaseBuilder.php(1615): CodeIgniter\Database\BaseConnection->query('SELECT *
FROM `account`
WHERE `account`.`id` IN :account.id:', [...], false)
 2 SYSTEMPATH\Model.php(192): CodeIgniter\Database\BaseBuilder->get()
 3 SYSTEMPATH\BaseModel.php(563): CodeIgniter\Model->doFind(false, [])
 4 APPPATH\Controllers\ChatController.php(146): CodeIgniter\BaseModel->find([])
 5 SYSTEMPATH\CodeIgniter.php(919): App\Controllers\ChatController->getConnectedUsers()
 6 SYSTEMPATH\CodeIgniter.php(494): CodeIgniter\CodeIgniter->runController(Object(App\Controllers\ChatController))
 7 SYSTEMPATH\CodeIgniter.php(353): CodeIgniter\CodeIgniter->handleRequest(null, Object(Config\Cache), false)
 8 FCPATH\index.php(89): CodeIgniter\CodeIgniter->run()
ERROR - 2023-12-19 12:30:27 --> mysqli_sql_exception: You have an error in your SQL syntax; check the manual that corresponds to your MySQL server version for the right syntax to use near ')' at line 3 in C:\laragon\www\cibackend\system\Database\MySQLi\Connection.php:306
Stack trace:
#0 C:\laragon\www\cibackend\system\Database\MySQLi\Connection.php(306): mysqli->query('SELECT *\nFROM `...', 0)
#1 C:\laragon\www\cibackend\system\Database\BaseConnection.php(692): CodeIgniter\Database\MySQLi\Connection->execute('SELECT *\nFROM `...')
#2 C:\laragon\www\cibackend\system\Database\BaseConnection.php(606): CodeIgniter\Database\BaseConnection->simpleQuery('SELECT *\nFROM `...')
#3 C:\laragon\www\cibackend\system\Database\BaseBuilder.php(1615): CodeIgniter\Database\BaseConnection->query('SELECT *\nFROM `...', Array, false)
#4 C:\laragon\www\cibackend\system\Model.php(192): CodeIgniter\Database\BaseBuilder->get()
#5 C:\laragon\www\cibackend\system\BaseModel.php(563): CodeIgniter\Model->doFind(false, Array)
#6 C:\laragon\www\cibackend\app\Controllers\ChatController.php(146): CodeIgniter\BaseModel->find(Array)
#7 C:\laragon\www\cibackend\system\CodeIgniter.php(919): App\Controllers\ChatController->getConnectedUsers()
#8 C:\laragon\www\cibackend\system\CodeIgniter.php(494): CodeIgniter\CodeIgniter->runController(Object(App\Controllers\ChatController))
#9 C:\laragon\www\cibackend\system\CodeIgniter.php(353): CodeIgniter\CodeIgniter->handleRequest(NULL, Object(Config\Cache), false)
#10 C:\laragon\www\cibackend\public\index.php(89): CodeIgniter\CodeIgniter->run()
#11 {main}
CRITICAL - 2023-12-19 12:30:27 --> You have an error in your SQL syntax; check the manual that corresponds to your MySQL server version for the right syntax to use near ')' at line 3
in SYSTEMPATH\Database\BaseConnection.php on line 646.
 1 SYSTEMPATH\Database\BaseBuilder.php(1615): CodeIgniter\Database\BaseConnection->query('SELECT *
FROM `account`
WHERE `account`.`id` IN :account.id:', [...], false)
 2 SYSTEMPATH\Model.php(192): CodeIgniter\Database\BaseBuilder->get()
 3 SYSTEMPATH\BaseModel.php(563): CodeIgniter\Model->doFind(false, [])
 4 APPPATH\Controllers\ChatController.php(146): CodeIgniter\BaseModel->find([])
 5 SYSTEMPATH\CodeIgniter.php(919): App\Controllers\ChatController->getConnectedUsers()
 6 SYSTEMPATH\CodeIgniter.php(494): CodeIgniter\CodeIgniter->runController(Object(App\Controllers\ChatController))
 7 SYSTEMPATH\CodeIgniter.php(353): CodeIgniter\CodeIgniter->handleRequest(null, Object(Config\Cache), false)
 8 FCPATH\index.php(89): CodeIgniter\CodeIgniter->run()
ERROR - 2023-12-19 12:30:37 --> mysqli_sql_exception: You have an error in your SQL syntax; check the manual that corresponds to your MySQL server version for the right syntax to use near ')' at line 3 in C:\laragon\www\cibackend\system\Database\MySQLi\Connection.php:306
Stack trace:
#0 C:\laragon\www\cibackend\system\Database\MySQLi\Connection.php(306): mysqli->query('SELECT *\nFROM `...', 0)
#1 C:\laragon\www\cibackend\system\Database\BaseConnection.php(692): CodeIgniter\Database\MySQLi\Connection->execute('SELECT *\nFROM `...')
#2 C:\laragon\www\cibackend\system\Database\BaseConnection.php(606): CodeIgniter\Database\BaseConnection->simpleQuery('SELECT *\nFROM `...')
#3 C:\laragon\www\cibackend\system\Database\BaseBuilder.php(1615): CodeIgniter\Database\BaseConnection->query('SELECT *\nFROM `...', Array, false)
#4 C:\laragon\www\cibackend\system\Model.php(192): CodeIgniter\Database\BaseBuilder->get()
#5 C:\laragon\www\cibackend\system\BaseModel.php(563): CodeIgniter\Model->doFind(false, Array)
#6 C:\laragon\www\cibackend\app\Controllers\ChatController.php(146): CodeIgniter\BaseModel->find(Array)
#7 C:\laragon\www\cibackend\system\CodeIgniter.php(919): App\Controllers\ChatController->getConnectedUsers()
#8 C:\laragon\www\cibackend\system\CodeIgniter.php(494): CodeIgniter\CodeIgniter->runController(Object(App\Controllers\ChatController))
#9 C:\laragon\www\cibackend\system\CodeIgniter.php(353): CodeIgniter\CodeIgniter->handleRequest(NULL, Object(Config\Cache), false)
#10 C:\laragon\www\cibackend\public\index.php(89): CodeIgniter\CodeIgniter->run()
#11 {main}
CRITICAL - 2023-12-19 12:30:37 --> You have an error in your SQL syntax; check the manual that corresponds to your MySQL server version for the right syntax to use near ')' at line 3
in SYSTEMPATH\Database\BaseConnection.php on line 646.
 1 SYSTEMPATH\Database\BaseBuilder.php(1615): CodeIgniter\Database\BaseConnection->query('SELECT *
FROM `account`
WHERE `account`.`id` IN :account.id:', [...], false)
 2 SYSTEMPATH\Model.php(192): CodeIgniter\Database\BaseBuilder->get()
 3 SYSTEMPATH\BaseModel.php(563): CodeIgniter\Model->doFind(false, [])
 4 APPPATH\Controllers\ChatController.php(146): CodeIgniter\BaseModel->find([])
 5 SYSTEMPATH\CodeIgniter.php(919): App\Controllers\ChatController->getConnectedUsers()
 6 SYSTEMPATH\CodeIgniter.php(494): CodeIgniter\CodeIgniter->runController(Object(App\Controllers\ChatController))
 7 SYSTEMPATH\CodeIgniter.php(353): CodeIgniter\CodeIgniter->handleRequest(null, Object(Config\Cache), false)
 8 FCPATH\index.php(89): CodeIgniter\CodeIgniter->run()
ERROR - 2023-12-19 12:31:25 --> mysqli_sql_exception: You have an error in your SQL syntax; check the manual that corresponds to your MySQL server version for the right syntax to use near ')' at line 3 in C:\laragon\www\cibackend\system\Database\MySQLi\Connection.php:306
Stack trace:
#0 C:\laragon\www\cibackend\system\Database\MySQLi\Connection.php(306): mysqli->query('SELECT *\nFROM `...', 0)
#1 C:\laragon\www\cibackend\system\Database\BaseConnection.php(692): CodeIgniter\Database\MySQLi\Connection->execute('SELECT *\nFROM `...')
#2 C:\laragon\www\cibackend\system\Database\BaseConnection.php(606): CodeIgniter\Database\BaseConnection->simpleQuery('SELECT *\nFROM `...')
#3 C:\laragon\www\cibackend\system\Database\BaseBuilder.php(1615): CodeIgniter\Database\BaseConnection->query('SELECT *\nFROM `...', Array, false)
#4 C:\laragon\www\cibackend\system\Model.php(192): CodeIgniter\Database\BaseBuilder->get()
#5 C:\laragon\www\cibackend\system\BaseModel.php(563): CodeIgniter\Model->doFind(false, Array)
#6 C:\laragon\www\cibackend\app\Controllers\ChatController.php(146): CodeIgniter\BaseModel->find(Array)
#7 C:\laragon\www\cibackend\system\CodeIgniter.php(919): App\Controllers\ChatController->getConnectedUsers()
#8 C:\laragon\www\cibackend\system\CodeIgniter.php(494): CodeIgniter\CodeIgniter->runController(Object(App\Controllers\ChatController))
#9 C:\laragon\www\cibackend\system\CodeIgniter.php(353): CodeIgniter\CodeIgniter->handleRequest(NULL, Object(Config\Cache), false)
#10 C:\laragon\www\cibackend\public\index.php(89): CodeIgniter\CodeIgniter->run()
#11 {main}
CRITICAL - 2023-12-19 12:31:25 --> You have an error in your SQL syntax; check the manual that corresponds to your MySQL server version for the right syntax to use near ')' at line 3
in SYSTEMPATH\Database\BaseConnection.php on line 646.
 1 SYSTEMPATH\Database\BaseBuilder.php(1615): CodeIgniter\Database\BaseConnection->query('SELECT *
FROM `account`
WHERE `account`.`id` IN :account.id:', [...], false)
 2 SYSTEMPATH\Model.php(192): CodeIgniter\Database\BaseBuilder->get()
 3 SYSTEMPATH\BaseModel.php(563): CodeIgniter\Model->doFind(false, [])
 4 APPPATH\Controllers\ChatController.php(146): CodeIgniter\BaseModel->find([])
 5 SYSTEMPATH\CodeIgniter.php(919): App\Controllers\ChatController->getConnectedUsers()
 6 SYSTEMPATH\CodeIgniter.php(494): CodeIgniter\CodeIgniter->runController(Object(App\Controllers\ChatController))
 7 SYSTEMPATH\CodeIgniter.php(353): CodeIgniter\CodeIgniter->handleRequest(null, Object(Config\Cache), false)
 8 FCPATH\index.php(89): CodeIgniter\CodeIgniter->run()
ERROR - 2023-12-19 12:32:25 --> mysqli_sql_exception: You have an error in your SQL syntax; check the manual that corresponds to your MySQL server version for the right syntax to use near ')' at line 3 in C:\laragon\www\cibackend\system\Database\MySQLi\Connection.php:306
Stack trace:
#0 C:\laragon\www\cibackend\system\Database\MySQLi\Connection.php(306): mysqli->query('SELECT *\nFROM `...', 0)
#1 C:\laragon\www\cibackend\system\Database\BaseConnection.php(692): CodeIgniter\Database\MySQLi\Connection->execute('SELECT *\nFROM `...')
#2 C:\laragon\www\cibackend\system\Database\BaseConnection.php(606): CodeIgniter\Database\BaseConnection->simpleQuery('SELECT *\nFROM `...')
#3 C:\laragon\www\cibackend\system\Database\BaseBuilder.php(1615): CodeIgniter\Database\BaseConnection->query('SELECT *\nFROM `...', Array, false)
#4 C:\laragon\www\cibackend\system\Model.php(192): CodeIgniter\Database\BaseBuilder->get()
#5 C:\laragon\www\cibackend\system\BaseModel.php(563): CodeIgniter\Model->doFind(false, Array)
#6 C:\laragon\www\cibackend\app\Controllers\ChatController.php(146): CodeIgniter\BaseModel->find(Array)
#7 C:\laragon\www\cibackend\system\CodeIgniter.php(919): App\Controllers\ChatController->getConnectedUsers()
#8 C:\laragon\www\cibackend\system\CodeIgniter.php(494): CodeIgniter\CodeIgniter->runController(Object(App\Controllers\ChatController))
#9 C:\laragon\www\cibackend\system\CodeIgniter.php(353): CodeIgniter\CodeIgniter->handleRequest(NULL, Object(Config\Cache), false)
#10 C:\laragon\www\cibackend\public\index.php(89): CodeIgniter\CodeIgniter->run()
#11 {main}
CRITICAL - 2023-12-19 12:32:25 --> You have an error in your SQL syntax; check the manual that corresponds to your MySQL server version for the right syntax to use near ')' at line 3
in SYSTEMPATH\Database\BaseConnection.php on line 646.
 1 SYSTEMPATH\Database\BaseBuilder.php(1615): CodeIgniter\Database\BaseConnection->query('SELECT *
FROM `account`
WHERE `account`.`id` IN :account.id:', [...], false)
 2 SYSTEMPATH\Model.php(192): CodeIgniter\Database\BaseBuilder->get()
 3 SYSTEMPATH\BaseModel.php(563): CodeIgniter\Model->doFind(false, [])
 4 APPPATH\Controllers\ChatController.php(146): CodeIgniter\BaseModel->find([])
 5 SYSTEMPATH\CodeIgniter.php(919): App\Controllers\ChatController->getConnectedUsers()
 6 SYSTEMPATH\CodeIgniter.php(494): CodeIgniter\CodeIgniter->runController(Object(App\Controllers\ChatController))
 7 SYSTEMPATH\CodeIgniter.php(353): CodeIgniter\CodeIgniter->handleRequest(null, Object(Config\Cache), false)
 8 FCPATH\index.php(89): CodeIgniter\CodeIgniter->run()
ERROR - 2023-12-19 12:33:25 --> mysqli_sql_exception: You have an error in your SQL syntax; check the manual that corresponds to your MySQL server version for the right syntax to use near ')' at line 3 in C:\laragon\www\cibackend\system\Database\MySQLi\Connection.php:306
Stack trace:
#0 C:\laragon\www\cibackend\system\Database\MySQLi\Connection.php(306): mysqli->query('SELECT *\nFROM `...', 0)
#1 C:\laragon\www\cibackend\system\Database\BaseConnection.php(692): CodeIgniter\Database\MySQLi\Connection->execute('SELECT *\nFROM `...')
#2 C:\laragon\www\cibackend\system\Database\BaseConnection.php(606): CodeIgniter\Database\BaseConnection->simpleQuery('SELECT *\nFROM `...')
#3 C:\laragon\www\cibackend\system\Database\BaseBuilder.php(1615): CodeIgniter\Database\BaseConnection->query('SELECT *\nFROM `...', Array, false)
#4 C:\laragon\www\cibackend\system\Model.php(192): CodeIgniter\Database\BaseBuilder->get()
#5 C:\laragon\www\cibackend\system\BaseModel.php(563): CodeIgniter\Model->doFind(false, Array)
#6 C:\laragon\www\cibackend\app\Controllers\ChatController.php(146): CodeIgniter\BaseModel->find(Array)
#7 C:\laragon\www\cibackend\system\CodeIgniter.php(919): App\Controllers\ChatController->getConnectedUsers()
#8 C:\laragon\www\cibackend\system\CodeIgniter.php(494): CodeIgniter\CodeIgniter->runController(Object(App\Controllers\ChatController))
#9 C:\laragon\www\cibackend\system\CodeIgniter.php(353): CodeIgniter\CodeIgniter->handleRequest(NULL, Object(Config\Cache), false)
#10 C:\laragon\www\cibackend\public\index.php(89): CodeIgniter\CodeIgniter->run()
#11 {main}
CRITICAL - 2023-12-19 12:33:25 --> You have an error in your SQL syntax; check the manual that corresponds to your MySQL server version for the right syntax to use near ')' at line 3
in SYSTEMPATH\Database\BaseConnection.php on line 646.
 1 SYSTEMPATH\Database\BaseBuilder.php(1615): CodeIgniter\Database\BaseConnection->query('SELECT *
FROM `account`
WHERE `account`.`id` IN :account.id:', [...], false)
 2 SYSTEMPATH\Model.php(192): CodeIgniter\Database\BaseBuilder->get()
 3 SYSTEMPATH\BaseModel.php(563): CodeIgniter\Model->doFind(false, [])
 4 APPPATH\Controllers\ChatController.php(146): CodeIgniter\BaseModel->find([])
 5 SYSTEMPATH\CodeIgniter.php(919): App\Controllers\ChatController->getConnectedUsers()
 6 SYSTEMPATH\CodeIgniter.php(494): CodeIgniter\CodeIgniter->runController(Object(App\Controllers\ChatController))
 7 SYSTEMPATH\CodeIgniter.php(353): CodeIgniter\CodeIgniter->handleRequest(null, Object(Config\Cache), false)
 8 FCPATH\index.php(89): CodeIgniter\CodeIgniter->run()
ERROR - 2023-12-19 12:34:25 --> mysqli_sql_exception: You have an error in your SQL syntax; check the manual that corresponds to your MySQL server version for the right syntax to use near ')' at line 3 in C:\laragon\www\cibackend\system\Database\MySQLi\Connection.php:306
Stack trace:
#0 C:\laragon\www\cibackend\system\Database\MySQLi\Connection.php(306): mysqli->query('SELECT *\nFROM `...', 0)
#1 C:\laragon\www\cibackend\system\Database\BaseConnection.php(692): CodeIgniter\Database\MySQLi\Connection->execute('SELECT *\nFROM `...')
#2 C:\laragon\www\cibackend\system\Database\BaseConnection.php(606): CodeIgniter\Database\BaseConnection->simpleQuery('SELECT *\nFROM `...')
#3 C:\laragon\www\cibackend\system\Database\BaseBuilder.php(1615): CodeIgniter\Database\BaseConnection->query('SELECT *\nFROM `...', Array, false)
#4 C:\laragon\www\cibackend\system\Model.php(192): CodeIgniter\Database\BaseBuilder->get()
#5 C:\laragon\www\cibackend\system\BaseModel.php(563): CodeIgniter\Model->doFind(false, Array)
#6 C:\laragon\www\cibackend\app\Controllers\ChatController.php(146): CodeIgniter\BaseModel->find(Array)
#7 C:\laragon\www\cibackend\system\CodeIgniter.php(919): App\Controllers\ChatController->getConnectedUsers()
#8 C:\laragon\www\cibackend\system\CodeIgniter.php(494): CodeIgniter\CodeIgniter->runController(Object(App\Controllers\ChatController))
#9 C:\laragon\www\cibackend\system\CodeIgniter.php(353): CodeIgniter\CodeIgniter->handleRequest(NULL, Object(Config\Cache), false)
#10 C:\laragon\www\cibackend\public\index.php(89): CodeIgniter\CodeIgniter->run()
#11 {main}
CRITICAL - 2023-12-19 12:34:25 --> You have an error in your SQL syntax; check the manual that corresponds to your MySQL server version for the right syntax to use near ')' at line 3
in SYSTEMPATH\Database\BaseConnection.php on line 646.
 1 SYSTEMPATH\Database\BaseBuilder.php(1615): CodeIgniter\Database\BaseConnection->query('SELECT *
FROM `account`
WHERE `account`.`id` IN :account.id:', [...], false)
 2 SYSTEMPATH\Model.php(192): CodeIgniter\Database\BaseBuilder->get()
 3 SYSTEMPATH\BaseModel.php(563): CodeIgniter\Model->doFind(false, [])
 4 APPPATH\Controllers\ChatController.php(146): CodeIgniter\BaseModel->find([])
 5 SYSTEMPATH\CodeIgniter.php(919): App\Controllers\ChatController->getConnectedUsers()
 6 SYSTEMPATH\CodeIgniter.php(494): CodeIgniter\CodeIgniter->runController(Object(App\Controllers\ChatController))
 7 SYSTEMPATH\CodeIgniter.php(353): CodeIgniter\CodeIgniter->handleRequest(null, Object(Config\Cache), false)
 8 FCPATH\index.php(89): CodeIgniter\CodeIgniter->run()
ERROR - 2023-12-19 12:35:25 --> mysqli_sql_exception: You have an error in your SQL syntax; check the manual that corresponds to your MySQL server version for the right syntax to use near ')' at line 3 in C:\laragon\www\cibackend\system\Database\MySQLi\Connection.php:306
Stack trace:
#0 C:\laragon\www\cibackend\system\Database\MySQLi\Connection.php(306): mysqli->query('SELECT *\nFROM `...', 0)
#1 C:\laragon\www\cibackend\system\Database\BaseConnection.php(692): CodeIgniter\Database\MySQLi\Connection->execute('SELECT *\nFROM `...')
#2 C:\laragon\www\cibackend\system\Database\BaseConnection.php(606): CodeIgniter\Database\BaseConnection->simpleQuery('SELECT *\nFROM `...')
#3 C:\laragon\www\cibackend\system\Database\BaseBuilder.php(1615): CodeIgniter\Database\BaseConnection->query('SELECT *\nFROM `...', Array, false)
#4 C:\laragon\www\cibackend\system\Model.php(192): CodeIgniter\Database\BaseBuilder->get()
#5 C:\laragon\www\cibackend\system\BaseModel.php(563): CodeIgniter\Model->doFind(false, Array)
#6 C:\laragon\www\cibackend\app\Controllers\ChatController.php(146): CodeIgniter\BaseModel->find(Array)
#7 C:\laragon\www\cibackend\system\CodeIgniter.php(919): App\Controllers\ChatController->getConnectedUsers()
#8 C:\laragon\www\cibackend\system\CodeIgniter.php(494): CodeIgniter\CodeIgniter->runController(Object(App\Controllers\ChatController))
#9 C:\laragon\www\cibackend\system\CodeIgniter.php(353): CodeIgniter\CodeIgniter->handleRequest(NULL, Object(Config\Cache), false)
#10 C:\laragon\www\cibackend\public\index.php(89): CodeIgniter\CodeIgniter->run()
#11 {main}
CRITICAL - 2023-12-19 12:35:25 --> You have an error in your SQL syntax; check the manual that corresponds to your MySQL server version for the right syntax to use near ')' at line 3
in SYSTEMPATH\Database\BaseConnection.php on line 646.
 1 SYSTEMPATH\Database\BaseBuilder.php(1615): CodeIgniter\Database\BaseConnection->query('SELECT *
FROM `account`
WHERE `account`.`id` IN :account.id:', [...], false)
 2 SYSTEMPATH\Model.php(192): CodeIgniter\Database\BaseBuilder->get()
 3 SYSTEMPATH\BaseModel.php(563): CodeIgniter\Model->doFind(false, [])
 4 APPPATH\Controllers\ChatController.php(146): CodeIgniter\BaseModel->find([])
 5 SYSTEMPATH\CodeIgniter.php(919): App\Controllers\ChatController->getConnectedUsers()
 6 SYSTEMPATH\CodeIgniter.php(494): CodeIgniter\CodeIgniter->runController(Object(App\Controllers\ChatController))
 7 SYSTEMPATH\CodeIgniter.php(353): CodeIgniter\CodeIgniter->handleRequest(null, Object(Config\Cache), false)
 8 FCPATH\index.php(89): CodeIgniter\CodeIgniter->run()
ERROR - 2023-12-19 12:36:25 --> mysqli_sql_exception: You have an error in your SQL syntax; check the manual that corresponds to your MySQL server version for the right syntax to use near ')' at line 3 in C:\laragon\www\cibackend\system\Database\MySQLi\Connection.php:306
Stack trace:
#0 C:\laragon\www\cibackend\system\Database\MySQLi\Connection.php(306): mysqli->query('SELECT *\nFROM `...', 0)
#1 C:\laragon\www\cibackend\system\Database\BaseConnection.php(692): CodeIgniter\Database\MySQLi\Connection->execute('SELECT *\nFROM `...')
#2 C:\laragon\www\cibackend\system\Database\BaseConnection.php(606): CodeIgniter\Database\BaseConnection->simpleQuery('SELECT *\nFROM `...')
#3 C:\laragon\www\cibackend\system\Database\BaseBuilder.php(1615): CodeIgniter\Database\BaseConnection->query('SELECT *\nFROM `...', Array, false)
#4 C:\laragon\www\cibackend\system\Model.php(192): CodeIgniter\Database\BaseBuilder->get()
#5 C:\laragon\www\cibackend\system\BaseModel.php(563): CodeIgniter\Model->doFind(false, Array)
#6 C:\laragon\www\cibackend\app\Controllers\ChatController.php(146): CodeIgniter\BaseModel->find(Array)
#7 C:\laragon\www\cibackend\system\CodeIgniter.php(919): App\Controllers\ChatController->getConnectedUsers()
#8 C:\laragon\www\cibackend\system\CodeIgniter.php(494): CodeIgniter\CodeIgniter->runController(Object(App\Controllers\ChatController))
#9 C:\laragon\www\cibackend\system\CodeIgniter.php(353): CodeIgniter\CodeIgniter->handleRequest(NULL, Object(Config\Cache), false)
#10 C:\laragon\www\cibackend\public\index.php(89): CodeIgniter\CodeIgniter->run()
#11 {main}
CRITICAL - 2023-12-19 12:36:25 --> You have an error in your SQL syntax; check the manual that corresponds to your MySQL server version for the right syntax to use near ')' at line 3
in SYSTEMPATH\Database\BaseConnection.php on line 646.
 1 SYSTEMPATH\Database\BaseBuilder.php(1615): CodeIgniter\Database\BaseConnection->query('SELECT *
FROM `account`
WHERE `account`.`id` IN :account.id:', [...], false)
 2 SYSTEMPATH\Model.php(192): CodeIgniter\Database\BaseBuilder->get()
 3 SYSTEMPATH\BaseModel.php(563): CodeIgniter\Model->doFind(false, [])
 4 APPPATH\Controllers\ChatController.php(146): CodeIgniter\BaseModel->find([])
 5 SYSTEMPATH\CodeIgniter.php(919): App\Controllers\ChatController->getConnectedUsers()
 6 SYSTEMPATH\CodeIgniter.php(494): CodeIgniter\CodeIgniter->runController(Object(App\Controllers\ChatController))
 7 SYSTEMPATH\CodeIgniter.php(353): CodeIgniter\CodeIgniter->handleRequest(null, Object(Config\Cache), false)
 8 FCPATH\index.php(89): CodeIgniter\CodeIgniter->run()
ERROR - 2023-12-19 12:37:25 --> Error connecting to the database: mysqli_sql_exception: Access denied for user 'u262559041_Hiyas'@'localhost' (using password: YES) in C:\laragon\www\cibackend\system\Database\MySQLi\Connection.php:185
Stack trace:
#0 C:\laragon\www\cibackend\system\Database\MySQLi\Connection.php(185): mysqli->real_connect('localhost', 'u262559041_Hiya...', 'ApdevH', 'u262559041_hiya...', 3306, '', 0)
#1 C:\laragon\www\cibackend\system\Database\BaseConnection.php(391): CodeIgniter\Database\MySQLi\Connection->connect(false)
#2 C:\laragon\www\cibackend\system\Database\BaseConnection.php(574): CodeIgniter\Database\BaseConnection->initialize()
#3 C:\laragon\www\cibackend\system\Database\BaseBuilder.php(1615): CodeIgniter\Database\BaseConnection->query('SELECT DISTINCT...', Array, false)
#4 C:\laragon\www\cibackend\system\Model.php(237): CodeIgniter\Database\BaseBuilder->get()
#5 C:\laragon\www\cibackend\system\BaseModel.php(624): CodeIgniter\Model->doFindAll(0, 0)
#6 C:\laragon\www\cibackend\app\Controllers\ChatController.php(136): CodeIgniter\BaseModel->findAll()
#7 C:\laragon\www\cibackend\system\CodeIgniter.php(919): App\Controllers\ChatController->getConnectedUsers()
#8 C:\laragon\www\cibackend\system\CodeIgniter.php(494): CodeIgniter\CodeIgniter->runController(Object(App\Controllers\ChatController))
#9 C:\laragon\www\cibackend\system\CodeIgniter.php(353): CodeIgniter\CodeIgniter->handleRequest(NULL, Object(Config\Cache), false)
#10 C:\laragon\www\cibackend\public\index.php(89): CodeIgniter\CodeIgniter->run()
#11 {main}

Next CodeIgniter\Database\Exceptions\DatabaseException: Access denied for user '****'@'localhost' (using password: YES) in C:\laragon\www\cibackend\system\Database\MySQLi\Connection.php:229
Stack trace:
#0 C:\laragon\www\cibackend\system\Database\BaseConnection.php(391): CodeIgniter\Database\MySQLi\Connection->connect(false)
#1 C:\laragon\www\cibackend\system\Database\BaseConnection.php(574): CodeIgniter\Database\BaseConnection->initialize()
#2 C:\laragon\www\cibackend\system\Database\BaseBuilder.php(1615): CodeIgniter\Database\BaseConnection->query('SELECT DISTINCT...', Array, false)
#3 C:\laragon\www\cibackend\system\Model.php(237): CodeIgniter\Database\BaseBuilder->get()
#4 C:\laragon\www\cibackend\system\BaseModel.php(624): CodeIgniter\Model->doFindAll(0, 0)
#5 C:\laragon\www\cibackend\app\Controllers\ChatController.php(136): CodeIgniter\BaseModel->findAll()
#6 C:\laragon\www\cibackend\system\CodeIgniter.php(919): App\Controllers\ChatController->getConnectedUsers()
#7 C:\laragon\www\cibackend\system\CodeIgniter.php(494): CodeIgniter\CodeIgniter->runController(Object(App\Controllers\ChatController))
#8 C:\laragon\www\cibackend\system\CodeIgniter.php(353): CodeIgniter\CodeIgniter->handleRequest(NULL, Object(Config\Cache), false)
#9 C:\laragon\www\cibackend\public\index.php(89): CodeIgniter\CodeIgniter->run()
#10 {main}
CRITICAL - 2023-12-19 12:37:25 --> Unable to connect to the database.
Main connection [MySQLi]: Access denied for user '****'@'localhost' (using password: YES)
in SYSTEMPATH\Database\BaseConnection.php on line 427.
 1 SYSTEMPATH\Database\BaseConnection.php(574): CodeIgniter\Database\BaseConnection->initialize()
 2 SYSTEMPATH\Database\BaseBuilder.php(1615): CodeIgniter\Database\BaseConnection->query('SELECT DISTINCT `sender`, `receiver`
FROM `chat_messages`
WHERE `sender` = :sender:
OR `receiver` = :receiver:', [...], false)
 3 SYSTEMPATH\Model.php(237): CodeIgniter\Database\BaseBuilder->get()
 4 SYSTEMPATH\BaseModel.php(624): CodeIgniter\Model->doFindAll(0, 0)
 5 APPPATH\Controllers\ChatController.php(136): CodeIgniter\BaseModel->findAll()
 6 SYSTEMPATH\CodeIgniter.php(919): App\Controllers\ChatController->getConnectedUsers()
 7 SYSTEMPATH\CodeIgniter.php(494): CodeIgniter\CodeIgniter->runController(Object(App\Controllers\ChatController))
 8 SYSTEMPATH\CodeIgniter.php(353): CodeIgniter\CodeIgniter->handleRequest(null, Object(Config\Cache), false)
 9 FCPATH\index.php(89): CodeIgniter\CodeIgniter->run()
ERROR - 2023-12-19 12:38:25 --> Error connecting to the database: mysqli_sql_exception: Access denied for user 'u262559041_Hiyas'@'localhost' (using password: YES) in C:\laragon\www\cibackend\system\Database\MySQLi\Connection.php:185
Stack trace:
#0 C:\laragon\www\cibackend\system\Database\MySQLi\Connection.php(185): mysqli->real_connect('localhost', 'u262559041_Hiya...', 'ApdevHiyas123', 'u262559041_hiya...', 3306, '', 0)
#1 C:\laragon\www\cibackend\system\Database\BaseConnection.php(391): CodeIgniter\Database\MySQLi\Connection->connect(false)
#2 C:\laragon\www\cibackend\system\Database\BaseConnection.php(574): CodeIgniter\Database\BaseConnection->initialize()
#3 C:\laragon\www\cibackend\system\Database\BaseBuilder.php(1615): CodeIgniter\Database\BaseConnection->query('SELECT DISTINCT...', Array, false)
#4 C:\laragon\www\cibackend\system\Model.php(237): CodeIgniter\Database\BaseBuilder->get()
#5 C:\laragon\www\cibackend\system\BaseModel.php(624): CodeIgniter\Model->doFindAll(0, 0)
#6 C:\laragon\www\cibackend\app\Controllers\ChatController.php(136): CodeIgniter\BaseModel->findAll()
#7 C:\laragon\www\cibackend\system\CodeIgniter.php(919): App\Controllers\ChatController->getConnectedUsers()
#8 C:\laragon\www\cibackend\system\CodeIgniter.php(494): CodeIgniter\CodeIgniter->runController(Object(App\Controllers\ChatController))
#9 C:\laragon\www\cibackend\system\CodeIgniter.php(353): CodeIgniter\CodeIgniter->handleRequest(NULL, Object(Config\Cache), false)
#10 C:\laragon\www\cibackend\public\index.php(89): CodeIgniter\CodeIgniter->run()
#11 {main}

Next CodeIgniter\Database\Exceptions\DatabaseException: Access denied for user '****'@'localhost' (using password: YES) in C:\laragon\www\cibackend\system\Database\MySQLi\Connection.php:229
Stack trace:
#0 C:\laragon\www\cibackend\system\Database\BaseConnection.php(391): CodeIgniter\Database\MySQLi\Connection->connect(false)
#1 C:\laragon\www\cibackend\system\Database\BaseConnection.php(574): CodeIgniter\Database\BaseConnection->initialize()
#2 C:\laragon\www\cibackend\system\Database\BaseBuilder.php(1615): CodeIgniter\Database\BaseConnection->query('SELECT DISTINCT...', Array, false)
#3 C:\laragon\www\cibackend\system\Model.php(237): CodeIgniter\Database\BaseBuilder->get()
#4 C:\laragon\www\cibackend\system\BaseModel.php(624): CodeIgniter\Model->doFindAll(0, 0)
#5 C:\laragon\www\cibackend\app\Controllers\ChatController.php(136): CodeIgniter\BaseModel->findAll()
#6 C:\laragon\www\cibackend\system\CodeIgniter.php(919): App\Controllers\ChatController->getConnectedUsers()
#7 C:\laragon\www\cibackend\system\CodeIgniter.php(494): CodeIgniter\CodeIgniter->runController(Object(App\Controllers\ChatController))
#8 C:\laragon\www\cibackend\system\CodeIgniter.php(353): CodeIgniter\CodeIgniter->handleRequest(NULL, Object(Config\Cache), false)
#9 C:\laragon\www\cibackend\public\index.php(89): CodeIgniter\CodeIgniter->run()
#10 {main}
CRITICAL - 2023-12-19 12:38:25 --> Unable to connect to the database.
Main connection [MySQLi]: Access denied for user '****'@'localhost' (using password: YES)
in SYSTEMPATH\Database\BaseConnection.php on line 427.
 1 SYSTEMPATH\Database\BaseConnection.php(574): CodeIgniter\Database\BaseConnection->initialize()
 2 SYSTEMPATH\Database\BaseBuilder.php(1615): CodeIgniter\Database\BaseConnection->query('SELECT DISTINCT `sender`, `receiver`
FROM `chat_messages`
WHERE `sender` = :sender:
OR `receiver` = :receiver:', [...], false)
 3 SYSTEMPATH\Model.php(237): CodeIgniter\Database\BaseBuilder->get()
 4 SYSTEMPATH\BaseModel.php(624): CodeIgniter\Model->doFindAll(0, 0)
 5 APPPATH\Controllers\ChatController.php(136): CodeIgniter\BaseModel->findAll()
 6 SYSTEMPATH\CodeIgniter.php(919): App\Controllers\ChatController->getConnectedUsers()
 7 SYSTEMPATH\CodeIgniter.php(494): CodeIgniter\CodeIgniter->runController(Object(App\Controllers\ChatController))
 8 SYSTEMPATH\CodeIgniter.php(353): CodeIgniter\CodeIgniter->handleRequest(null, Object(Config\Cache), false)
 9 FCPATH\index.php(89): CodeIgniter\CodeIgniter->run()
ERROR - 2023-12-19 12:39:25 --> Error connecting to the database: mysqli_sql_exception: Access denied for user 'u262559041_Hiyas'@'localhost' (using password: YES) in C:\laragon\www\cibackend\system\Database\MySQLi\Connection.php:185
Stack trace:
#0 C:\laragon\www\cibackend\system\Database\MySQLi\Connection.php(185): mysqli->real_connect('localhost', 'u262559041_Hiya...', 'ApdevHiyas123', 'u262559041_hiya...', 3306, '', 0)
#1 C:\laragon\www\cibackend\system\Database\BaseConnection.php(391): CodeIgniter\Database\MySQLi\Connection->connect(false)
#2 C:\laragon\www\cibackend\system\Database\BaseConnection.php(574): CodeIgniter\Database\BaseConnection->initialize()
#3 C:\laragon\www\cibackend\system\Database\BaseBuilder.php(1615): CodeIgniter\Database\BaseConnection->query('SELECT DISTINCT...', Array, false)
#4 C:\laragon\www\cibackend\system\Model.php(237): CodeIgniter\Database\BaseBuilder->get()
#5 C:\laragon\www\cibackend\system\BaseModel.php(624): CodeIgniter\Model->doFindAll(0, 0)
#6 C:\laragon\www\cibackend\app\Controllers\ChatController.php(136): CodeIgniter\BaseModel->findAll()
#7 C:\laragon\www\cibackend\system\CodeIgniter.php(919): App\Controllers\ChatController->getConnectedUsers()
#8 C:\laragon\www\cibackend\system\CodeIgniter.php(494): CodeIgniter\CodeIgniter->runController(Object(App\Controllers\ChatController))
#9 C:\laragon\www\cibackend\system\CodeIgniter.php(353): CodeIgniter\CodeIgniter->handleRequest(NULL, Object(Config\Cache), false)
#10 C:\laragon\www\cibackend\public\index.php(89): CodeIgniter\CodeIgniter->run()
#11 {main}

Next CodeIgniter\Database\Exceptions\DatabaseException: Access denied for user '****'@'localhost' (using password: YES) in C:\laragon\www\cibackend\system\Database\MySQLi\Connection.php:229
Stack trace:
#0 C:\laragon\www\cibackend\system\Database\BaseConnection.php(391): CodeIgniter\Database\MySQLi\Connection->connect(false)
#1 C:\laragon\www\cibackend\system\Database\BaseConnection.php(574): CodeIgniter\Database\BaseConnection->initialize()
#2 C:\laragon\www\cibackend\system\Database\BaseBuilder.php(1615): CodeIgniter\Database\BaseConnection->query('SELECT DISTINCT...', Array, false)
#3 C:\laragon\www\cibackend\system\Model.php(237): CodeIgniter\Database\BaseBuilder->get()
#4 C:\laragon\www\cibackend\system\BaseModel.php(624): CodeIgniter\Model->doFindAll(0, 0)
#5 C:\laragon\www\cibackend\app\Controllers\ChatController.php(136): CodeIgniter\BaseModel->findAll()
#6 C:\laragon\www\cibackend\system\CodeIgniter.php(919): App\Controllers\ChatController->getConnectedUsers()
#7 C:\laragon\www\cibackend\system\CodeIgniter.php(494): CodeIgniter\CodeIgniter->runController(Object(App\Controllers\ChatController))
#8 C:\laragon\www\cibackend\system\CodeIgniter.php(353): CodeIgniter\CodeIgniter->handleRequest(NULL, Object(Config\Cache), false)
#9 C:\laragon\www\cibackend\public\index.php(89): CodeIgniter\CodeIgniter->run()
#10 {main}
CRITICAL - 2023-12-19 12:39:25 --> Unable to connect to the database.
Main connection [MySQLi]: Access denied for user '****'@'localhost' (using password: YES)
in SYSTEMPATH\Database\BaseConnection.php on line 427.
 1 SYSTEMPATH\Database\BaseConnection.php(574): CodeIgniter\Database\BaseConnection->initialize()
 2 SYSTEMPATH\Database\BaseBuilder.php(1615): CodeIgniter\Database\BaseConnection->query('SELECT DISTINCT `sender`, `receiver`
FROM `chat_messages`
WHERE `sender` = :sender:
OR `receiver` = :receiver:', [...], false)
 3 SYSTEMPATH\Model.php(237): CodeIgniter\Database\BaseBuilder->get()
 4 SYSTEMPATH\BaseModel.php(624): CodeIgniter\Model->doFindAll(0, 0)
 5 APPPATH\Controllers\ChatController.php(136): CodeIgniter\BaseModel->findAll()
 6 SYSTEMPATH\CodeIgniter.php(919): App\Controllers\ChatController->getConnectedUsers()
 7 SYSTEMPATH\CodeIgniter.php(494): CodeIgniter\CodeIgniter->runController(Object(App\Controllers\ChatController))
 8 SYSTEMPATH\CodeIgniter.php(353): CodeIgniter\CodeIgniter->handleRequest(null, Object(Config\Cache), false)
 9 FCPATH\index.php(89): CodeIgniter\CodeIgniter->run()
ERROR - 2023-12-19 12:40:25 --> Error connecting to the database: mysqli_sql_exception: Access denied for user 'u262559041_Hiyas'@'localhost' (using password: YES) in C:\laragon\www\cibackend\system\Database\MySQLi\Connection.php:185
Stack trace:
#0 C:\laragon\www\cibackend\system\Database\MySQLi\Connection.php(185): mysqli->real_connect('localhost', 'u262559041_Hiya...', 'ApdevHiyas123', 'u262559041_hiya...', 3306, '', 0)
#1 C:\laragon\www\cibackend\system\Database\BaseConnection.php(391): CodeIgniter\Database\MySQLi\Connection->connect(false)
#2 C:\laragon\www\cibackend\system\Database\BaseConnection.php(574): CodeIgniter\Database\BaseConnection->initialize()
#3 C:\laragon\www\cibackend\system\Database\BaseBuilder.php(1615): CodeIgniter\Database\BaseConnection->query('SELECT DISTINCT...', Array, false)
#4 C:\laragon\www\cibackend\system\Model.php(237): CodeIgniter\Database\BaseBuilder->get()
#5 C:\laragon\www\cibackend\system\BaseModel.php(624): CodeIgniter\Model->doFindAll(0, 0)
#6 C:\laragon\www\cibackend\app\Controllers\ChatController.php(136): CodeIgniter\BaseModel->findAll()
#7 C:\laragon\www\cibackend\system\CodeIgniter.php(919): App\Controllers\ChatController->getConnectedUsers()
#8 C:\laragon\www\cibackend\system\CodeIgniter.php(494): CodeIgniter\CodeIgniter->runController(Object(App\Controllers\ChatController))
#9 C:\laragon\www\cibackend\system\CodeIgniter.php(353): CodeIgniter\CodeIgniter->handleRequest(NULL, Object(Config\Cache), false)
#10 C:\laragon\www\cibackend\public\index.php(89): CodeIgniter\CodeIgniter->run()
#11 {main}

Next CodeIgniter\Database\Exceptions\DatabaseException: Access denied for user '****'@'localhost' (using password: YES) in C:\laragon\www\cibackend\system\Database\MySQLi\Connection.php:229
Stack trace:
#0 C:\laragon\www\cibackend\system\Database\BaseConnection.php(391): CodeIgniter\Database\MySQLi\Connection->connect(false)
#1 C:\laragon\www\cibackend\system\Database\BaseConnection.php(574): CodeIgniter\Database\BaseConnection->initialize()
#2 C:\laragon\www\cibackend\system\Database\BaseBuilder.php(1615): CodeIgniter\Database\BaseConnection->query('SELECT DISTINCT...', Array, false)
#3 C:\laragon\www\cibackend\system\Model.php(237): CodeIgniter\Database\BaseBuilder->get()
#4 C:\laragon\www\cibackend\system\BaseModel.php(624): CodeIgniter\Model->doFindAll(0, 0)
#5 C:\laragon\www\cibackend\app\Controllers\ChatController.php(136): CodeIgniter\BaseModel->findAll()
#6 C:\laragon\www\cibackend\system\CodeIgniter.php(919): App\Controllers\ChatController->getConnectedUsers()
#7 C:\laragon\www\cibackend\system\CodeIgniter.php(494): CodeIgniter\CodeIgniter->runController(Object(App\Controllers\ChatController))
#8 C:\laragon\www\cibackend\system\CodeIgniter.php(353): CodeIgniter\CodeIgniter->handleRequest(NULL, Object(Config\Cache), false)
#9 C:\laragon\www\cibackend\public\index.php(89): CodeIgniter\CodeIgniter->run()
#10 {main}
CRITICAL - 2023-12-19 12:40:25 --> Unable to connect to the database.
Main connection [MySQLi]: Access denied for user '****'@'localhost' (using password: YES)
in SYSTEMPATH\Database\BaseConnection.php on line 427.
 1 SYSTEMPATH\Database\BaseConnection.php(574): CodeIgniter\Database\BaseConnection->initialize()
 2 SYSTEMPATH\Database\BaseBuilder.php(1615): CodeIgniter\Database\BaseConnection->query('SELECT DISTINCT `sender`, `receiver`
FROM `chat_messages`
WHERE `sender` = :sender:
OR `receiver` = :receiver:', [...], false)
 3 SYSTEMPATH\Model.php(237): CodeIgniter\Database\BaseBuilder->get()
 4 SYSTEMPATH\BaseModel.php(624): CodeIgniter\Model->doFindAll(0, 0)
 5 APPPATH\Controllers\ChatController.php(136): CodeIgniter\BaseModel->findAll()
 6 SYSTEMPATH\CodeIgniter.php(919): App\Controllers\ChatController->getConnectedUsers()
 7 SYSTEMPATH\CodeIgniter.php(494): CodeIgniter\CodeIgniter->runController(Object(App\Controllers\ChatController))
 8 SYSTEMPATH\CodeIgniter.php(353): CodeIgniter\CodeIgniter->handleRequest(null, Object(Config\Cache), false)
 9 FCPATH\index.php(89): CodeIgniter\CodeIgniter->run()
ERROR - 2023-12-19 12:41:25 --> Error connecting to the database: mysqli_sql_exception: Access denied for user 'u262559041_Hiyas'@'localhost' (using password: YES) in C:\laragon\www\cibackend\system\Database\MySQLi\Connection.php:185
Stack trace:
#0 C:\laragon\www\cibackend\system\Database\MySQLi\Connection.php(185): mysqli->real_connect('localhost', 'u262559041_Hiya...', 'ApdevHiyas123', 'u262559041_hiya...', 3306, '', 0)
#1 C:\laragon\www\cibackend\system\Database\BaseConnection.php(391): CodeIgniter\Database\MySQLi\Connection->connect(false)
#2 C:\laragon\www\cibackend\system\Database\BaseConnection.php(574): CodeIgniter\Database\BaseConnection->initialize()
#3 C:\laragon\www\cibackend\system\Database\BaseBuilder.php(1615): CodeIgniter\Database\BaseConnection->query('SELECT DISTINCT...', Array, false)
#4 C:\laragon\www\cibackend\system\Model.php(237): CodeIgniter\Database\BaseBuilder->get()
#5 C:\laragon\www\cibackend\system\BaseModel.php(624): CodeIgniter\Model->doFindAll(0, 0)
#6 C:\laragon\www\cibackend\app\Controllers\ChatController.php(136): CodeIgniter\BaseModel->findAll()
#7 C:\laragon\www\cibackend\system\CodeIgniter.php(919): App\Controllers\ChatController->getConnectedUsers()
#8 C:\laragon\www\cibackend\system\CodeIgniter.php(494): CodeIgniter\CodeIgniter->runController(Object(App\Controllers\ChatController))
#9 C:\laragon\www\cibackend\system\CodeIgniter.php(353): CodeIgniter\CodeIgniter->handleRequest(NULL, Object(Config\Cache), false)
#10 C:\laragon\www\cibackend\public\index.php(89): CodeIgniter\CodeIgniter->run()
#11 {main}

Next CodeIgniter\Database\Exceptions\DatabaseException: Access denied for user '****'@'localhost' (using password: YES) in C:\laragon\www\cibackend\system\Database\MySQLi\Connection.php:229
Stack trace:
#0 C:\laragon\www\cibackend\system\Database\BaseConnection.php(391): CodeIgniter\Database\MySQLi\Connection->connect(false)
#1 C:\laragon\www\cibackend\system\Database\BaseConnection.php(574): CodeIgniter\Database\BaseConnection->initialize()
#2 C:\laragon\www\cibackend\system\Database\BaseBuilder.php(1615): CodeIgniter\Database\BaseConnection->query('SELECT DISTINCT...', Array, false)
#3 C:\laragon\www\cibackend\system\Model.php(237): CodeIgniter\Database\BaseBuilder->get()
#4 C:\laragon\www\cibackend\system\BaseModel.php(624): CodeIgniter\Model->doFindAll(0, 0)
#5 C:\laragon\www\cibackend\app\Controllers\ChatController.php(136): CodeIgniter\BaseModel->findAll()
#6 C:\laragon\www\cibackend\system\CodeIgniter.php(919): App\Controllers\ChatController->getConnectedUsers()
#7 C:\laragon\www\cibackend\system\CodeIgniter.php(494): CodeIgniter\CodeIgniter->runController(Object(App\Controllers\ChatController))
#8 C:\laragon\www\cibackend\system\CodeIgniter.php(353): CodeIgniter\CodeIgniter->handleRequest(NULL, Object(Config\Cache), false)
#9 C:\laragon\www\cibackend\public\index.php(89): CodeIgniter\CodeIgniter->run()
#10 {main}
CRITICAL - 2023-12-19 12:41:25 --> Unable to connect to the database.
Main connection [MySQLi]: Access denied for user '****'@'localhost' (using password: YES)
in SYSTEMPATH\Database\BaseConnection.php on line 427.
 1 SYSTEMPATH\Database\BaseConnection.php(574): CodeIgniter\Database\BaseConnection->initialize()
 2 SYSTEMPATH\Database\BaseBuilder.php(1615): CodeIgniter\Database\BaseConnection->query('SELECT DISTINCT `sender`, `receiver`
FROM `chat_messages`
WHERE `sender` = :sender:
OR `receiver` = :receiver:', [...], false)
 3 SYSTEMPATH\Model.php(237): CodeIgniter\Database\BaseBuilder->get()
 4 SYSTEMPATH\BaseModel.php(624): CodeIgniter\Model->doFindAll(0, 0)
 5 APPPATH\Controllers\ChatController.php(136): CodeIgniter\BaseModel->findAll()
 6 SYSTEMPATH\CodeIgniter.php(919): App\Controllers\ChatController->getConnectedUsers()
 7 SYSTEMPATH\CodeIgniter.php(494): CodeIgniter\CodeIgniter->runController(Object(App\Controllers\ChatController))
 8 SYSTEMPATH\CodeIgniter.php(353): CodeIgniter\CodeIgniter->handleRequest(null, Object(Config\Cache), false)
 9 FCPATH\index.php(89): CodeIgniter\CodeIgniter->run()
ERROR - 2023-12-19 12:42:25 --> Error connecting to the database: mysqli_sql_exception: Access denied for user 'u262559041_Hiyas'@'localhost' (using password: YES) in C:\laragon\www\cibackend\system\Database\MySQLi\Connection.php:185
Stack trace:
#0 C:\laragon\www\cibackend\system\Database\MySQLi\Connection.php(185): mysqli->real_connect('localhost', 'u262559041_Hiya...', 'ApdevHiyas123', 'u262559041_hiya...', 3306, '', 0)
#1 C:\laragon\www\cibackend\system\Database\BaseConnection.php(391): CodeIgniter\Database\MySQLi\Connection->connect(false)
#2 C:\laragon\www\cibackend\system\Database\BaseConnection.php(574): CodeIgniter\Database\BaseConnection->initialize()
#3 C:\laragon\www\cibackend\system\Database\BaseBuilder.php(1615): CodeIgniter\Database\BaseConnection->query('SELECT DISTINCT...', Array, false)
#4 C:\laragon\www\cibackend\system\Model.php(237): CodeIgniter\Database\BaseBuilder->get()
#5 C:\laragon\www\cibackend\system\BaseModel.php(624): CodeIgniter\Model->doFindAll(0, 0)
#6 C:\laragon\www\cibackend\app\Controllers\ChatController.php(136): CodeIgniter\BaseModel->findAll()
#7 C:\laragon\www\cibackend\system\CodeIgniter.php(919): App\Controllers\ChatController->getConnectedUsers()
#8 C:\laragon\www\cibackend\system\CodeIgniter.php(494): CodeIgniter\CodeIgniter->runController(Object(App\Controllers\ChatController))
#9 C:\laragon\www\cibackend\system\CodeIgniter.php(353): CodeIgniter\CodeIgniter->handleRequest(NULL, Object(Config\Cache), false)
#10 C:\laragon\www\cibackend\public\index.php(89): CodeIgniter\CodeIgniter->run()
#11 {main}

Next CodeIgniter\Database\Exceptions\DatabaseException: Access denied for user '****'@'localhost' (using password: YES) in C:\laragon\www\cibackend\system\Database\MySQLi\Connection.php:229
Stack trace:
#0 C:\laragon\www\cibackend\system\Database\BaseConnection.php(391): CodeIgniter\Database\MySQLi\Connection->connect(false)
#1 C:\laragon\www\cibackend\system\Database\BaseConnection.php(574): CodeIgniter\Database\BaseConnection->initialize()
#2 C:\laragon\www\cibackend\system\Database\BaseBuilder.php(1615): CodeIgniter\Database\BaseConnection->query('SELECT DISTINCT...', Array, false)
#3 C:\laragon\www\cibackend\system\Model.php(237): CodeIgniter\Database\BaseBuilder->get()
#4 C:\laragon\www\cibackend\system\BaseModel.php(624): CodeIgniter\Model->doFindAll(0, 0)
#5 C:\laragon\www\cibackend\app\Controllers\ChatController.php(136): CodeIgniter\BaseModel->findAll()
#6 C:\laragon\www\cibackend\system\CodeIgniter.php(919): App\Controllers\ChatController->getConnectedUsers()
#7 C:\laragon\www\cibackend\system\CodeIgniter.php(494): CodeIgniter\CodeIgniter->runController(Object(App\Controllers\ChatController))
#8 C:\laragon\www\cibackend\system\CodeIgniter.php(353): CodeIgniter\CodeIgniter->handleRequest(NULL, Object(Config\Cache), false)
#9 C:\laragon\www\cibackend\public\index.php(89): CodeIgniter\CodeIgniter->run()
#10 {main}
CRITICAL - 2023-12-19 12:42:25 --> Unable to connect to the database.
Main connection [MySQLi]: Access denied for user '****'@'localhost' (using password: YES)
in SYSTEMPATH\Database\BaseConnection.php on line 427.
 1 SYSTEMPATH\Database\BaseConnection.php(574): CodeIgniter\Database\BaseConnection->initialize()
 2 SYSTEMPATH\Database\BaseBuilder.php(1615): CodeIgniter\Database\BaseConnection->query('SELECT DISTINCT `sender`, `receiver`
FROM `chat_messages`
WHERE `sender` = :sender:
OR `receiver` = :receiver:', [...], false)
 3 SYSTEMPATH\Model.php(237): CodeIgniter\Database\BaseBuilder->get()
 4 SYSTEMPATH\BaseModel.php(624): CodeIgniter\Model->doFindAll(0, 0)
 5 APPPATH\Controllers\ChatController.php(136): CodeIgniter\BaseModel->findAll()
 6 SYSTEMPATH\CodeIgniter.php(919): App\Controllers\ChatController->getConnectedUsers()
 7 SYSTEMPATH\CodeIgniter.php(494): CodeIgniter\CodeIgniter->runController(Object(App\Controllers\ChatController))
 8 SYSTEMPATH\CodeIgniter.php(353): CodeIgniter\CodeIgniter->handleRequest(null, Object(Config\Cache), false)
 9 FCPATH\index.php(89): CodeIgniter\CodeIgniter->run()
